INFO:__main__:howdy! I'm going to take a look at your pump.
INFO:link:Link opened serial port: Serial<id=0xb662f590, open=True>(port='/dev/ttyUSB.Carelink0', baudrate=9600, bytesize=8, parity='N', stopbits=1, timeout=0.2, xonxoff=False, rtscts=True, dsrdtr=True)
INFO:stick:PROCESS:OPEN:0.264
INFO:stick:PROCESS:START:4.861:ProductInfo:0x04
INFO:stick:link Stick transmit[None] reader[None] download_i[False] status[None] poll_size[None] poll_i[None] command[<ProductInfo:0x04:size(64)>] processing ProductInfo:0x04)
INFO:stick:send_force_read: attempt 0/1 send command, read until we get something within some timeout
INFO:stick:link Stick transmit[None] reader[None] download_i[False] status[None] poll_size[None] poll_i[None] command[<ProductInfo:0x04:size(64)>] sending ProductInfo:0x04)
INFO:root:usb.write.len: 3
0000   0x04 0x00 0x00                             ...
DEBUG:stick:sleeping 0.001
INFO:root:usb.read.len: 64
INFO:root:usb.read.raw:
0000   0x01 0x55 0x00 0x0d 0x27 0x00 0x00 0x00    .U..'...
0008   0x01 0x43 0x6f 0x6d 0x4c 0x69 0x6e 0x6b    .ComLink
0010   0x20 0x49 0x49 0x01 0x10 0x02 0x00 0x01     II.....
0018   0x01 0x03 0x00 0x00 0x00 0x00 0x00 0x00    ........
0020   0x00 0x00 0x00 0x00 0x00 0x00 0x00 0x00    ........
0028   0x00 0x00 0x00 0x00 0x00 0x00 0x00 0x00    ........
0030   0x00 0x00 0x00 0x00 0x00 0x00 0x00 0x00    ........
0038   0x00 0x00 0x00 0x00 0x00 0x00 0x00 0x00    ........
INFO:stick:quit send_force_read, found len: 64 expected 64 after 0 attempts
INFO:stick:finished processing ProductInfo:0x04, {'description': 'ComLink II', 'software.version': '1.16', 'interfaces': [(0, 'Paradigm RF'), (1, 'USB')], 'product.version': '0.0', 'rf.freq': '868.35Mhz', 'serial': '0d2700'}
INFO:stick:PROCESS:END:68.66:ProductInfo:0x04
INFO:stick:{'description': 'ComLink II', 'software.version': '1.16', 'interfaces': [(0, 'Paradigm RF'), (1, 'USB')], 'product.version': '0.0', 'rf.freq': '868.35Mhz', 'serial': '0d2700'}
INFO:stick:PROCESS:START:77.544:ProductInfo:0x04
INFO:stick:link Stick transmit[None] reader[None] download_i[False] status[None] poll_size[None] poll_i[None] command[<ProductInfo:0x04:size(64)>] processing ProductInfo:0x04)
INFO:stick:send_force_read: attempt 0/1 send command, read until we get something within some timeout
INFO:stick:link Stick transmit[None] reader[None] download_i[False] status[None] poll_size[None] poll_i[None] command[<ProductInfo:0x04:size(64)>] sending ProductInfo:0x04)
INFO:root:usb.write.len: 3
0000   0x04 0x00 0x00                             ...
DEBUG:stick:sleeping 0.001
INFO:root:usb.read.len: 64
INFO:root:usb.read.raw:
0000   0x01 0x55 0x00 0x0d 0x27 0x00 0x00 0x00    .U..'...
0008   0x01 0x43 0x6f 0x6d 0x4c 0x69 0x6e 0x6b    .ComLink
0010   0x20 0x49 0x49 0x01 0x10 0x02 0x00 0x01     II.....
0018   0x01 0x03 0x00 0x00 0x00 0x00 0x00 0x00    ........
0020   0x00 0x00 0x00 0x00 0x00 0x00 0x00 0x00    ........
0028   0x00 0x00 0x00 0x00 0x00 0x00 0x00 0x00    ........
0030   0x00 0x00 0x00 0x00 0x00 0x00 0x00 0x00    ........
0038   0x00 0x00 0x00 0x00 0x00 0x00 0x00 0x00    ........
INFO:stick:quit send_force_read, found len: 64 expected 64 after 0 attempts
INFO:stick:finished processing ProductInfo:0x04, {'description': 'ComLink II', 'software.version': '1.16', 'interfaces': [(0, 'Paradigm RF'), (1, 'USB')], 'product.version': '0.0', 'rf.freq': '868.35Mhz', 'serial': '0d2700'}
INFO:stick:PROCESS:END:139.015:ProductInfo:0x04
INFO:stick:{'description': 'ComLink II', 'software.version': '1.16', 'interfaces': [(0, 'Paradigm RF'), (1, 'USB')], 'product.version': '0.0', 'rf.freq': '868.35Mhz', 'serial': '0d2700'}
INFO:stick:get signal strength of Stick transmit[None] reader[None] download_i[False] status[None] poll_size[None] poll_i[None] command[<ProductInfo:0x04:size(64)>]
INFO:stick:PROCESS:START:153.426:SignalStrength:0x06 0x00
INFO:stick:link Stick transmit[None] reader[None] download_i[False] status[None] poll_size[None] poll_i[None] command[<SignalStrength:0x06 0x00:size(64)>] processing SignalStrength:0x06 0x00)
INFO:stick:send_force_read: attempt 0/1 send command, read until we get something within some timeout
INFO:stick:link Stick transmit[None] reader[None] download_i[False] status[None] poll_size[None] poll_i[None] command[<SignalStrength:0x06 0x00:size(64)>] sending SignalStrength:0x06 0x00)
INFO:root:usb.write.len: 3
0000   0x06 0x00 0x00                             ...
DEBUG:stick:sleeping 0.001
INFO:root:usb.read.len: 64
INFO:root:usb.read.raw:
0000   0x01 0x55 0x00 0xc1 0x27 0x00 0x00 0x00    .U..'...
0008   0x01 0x43 0x6f 0x6d 0x4c 0x69 0x6e 0x6b    .ComLink
0010   0x20 0x49 0x49 0x01 0x10 0x02 0x00 0x01     II.....
0018   0x01 0x03 0x00 0x00 0x00 0x00 0x00 0x00    ........
0020   0x00 0x00 0x00 0x00 0x00 0x00 0x00 0x00    ........
0028   0x00 0x00 0x00 0x00 0x00 0x00 0x00 0x00    ........
0030   0x00 0x00 0x00 0x00 0x00 0x00 0x00 0x00    ........
0038   0x00 0x00 0x00 0x00 0x00 0x00 0x00 0x00    ........
INFO:stick:quit send_force_read, found len: 64 expected 64 after 0 attempts
INFO:stick:<SignalStrength:0x06 0x00:size(64)>:readSignalStrength:193
INFO:stick:finished processing SignalStrength:0x06 0x00, 193
INFO:stick:PROCESS:END:220.575:SignalStrength:0x06 0x00
INFO:stick:we seem to have found a nice signal strength of: 193
INFO:__main__:setting up to talk with 782591
INFO:stick:PROCESS:START:234.431:UsbStats:0x05 0x01
INFO:stick:link Stick transmit[None] reader[None] download_i[False] status[None] poll_size[None] poll_i[None] command[<UsbStats:0x05 0x01:size(64)>] processing UsbStats:0x05 0x01)
INFO:stick:send_force_read: attempt 0/1 send command, read until we get something within some timeout
INFO:stick:link Stick transmit[None] reader[None] download_i[False] status[None] poll_size[None] poll_i[None] command[<UsbStats:0x05 0x01:size(64)>] sending UsbStats:0x05 0x01)
INFO:root:usb.write.len: 3
0000   0x05 0x01 0x00                             ...
DEBUG:stick:sleeping 0.001
INFO:root:usb.read.len: 64
INFO:root:usb.read.raw:
0000   0x01 0x55 0x00 0x00 0x00 0x00 0x00 0x00    .U......
0008   0x00 0x00 0x16 0x00 0x00 0x00 0x16 0x00    ........
0010   0x17 0x00 0x2c 0x00 0x16 0x04 0x00 0x00    ..,.....
0018   0x05 0x03 0x00 0x00 0x00 0x00 0x00 0x00    ........
0020   0x00 0x00 0x00 0x00 0x00 0x00 0x00 0x00    ........
0028   0x00 0x00 0x00 0x00 0x00 0x00 0x00 0x00    ........
0030   0x00 0x00 0x00 0x00 0x00 0x00 0x00 0x00    ........
0038   0x00 0x00 0x00 0x00 0x00 0x00 0x00 0x00    ........
INFO:stick:quit send_force_read, found len: 64 expected 64 after 0 attempts
INFO:stick:finished processing UsbStats:0x05 0x01, {'errors.timeouts': 0, 'packets.transmit': 22L, 'errors.naks': 0, 'errors.sequence': 0, 'packets.received': 22L, 'errors.crc': 0}
INFO:stick:PROCESS:END:286.372:UsbStats:0x05 0x01
INFO:stick:PROCESS:START:293.385:RadioStats:0x05 0x00
INFO:stick:link Stick transmit[None] reader[None] download_i[False] status[None] poll_size[None] poll_i[None] command[<RadioStats:0x05 0x00:size(64)>] processing RadioStats:0x05 0x00)
INFO:stick:send_force_read: attempt 0/1 send command, read until we get something within some timeout
INFO:stick:link Stick transmit[None] reader[None] download_i[False] status[None] poll_size[None] poll_i[None] command[<RadioStats:0x05 0x00:size(64)>] sending RadioStats:0x05 0x00)
INFO:root:usb.write.len: 3
0000   0x05 0x00 0x00                             ...
DEBUG:stick:sleeping 0.001
INFO:root:usb.read.len: 64
INFO:root:usb.read.raw:
0000   0x01 0x55 0x00 0x00 0x00 0x00 0x00 0x00    .U......
0008   0x00 0x00 0x00 0x00 0x00 0x00 0x00 0x00    ........
0010   0x00 0x00 0x00 0x00 0x00 0x00 0x00 0x00    ........
0018   0x00 0x00 0x00 0x00 0x00 0x00 0x00 0x00    ........
0020   0x00 0x01 0x00 0x00 0x00 0x00 0x00 0x00    ........
0028   0x00 0x00 0x00 0x00 0x00 0x00 0x00 0x00    ........
0030   0x00 0x00 0x00 0x00 0x00 0x00 0x00 0x00    ........
0038   0x00 0x00 0x00 0x00 0x00 0x00 0x00 0x00    ........
INFO:stick:quit send_force_read, found len: 64 expected 64 after 0 attempts
INFO:stick:finished processing RadioStats:0x05 0x00, {'errors.timeouts': 0, 'packets.transmit': 0L, 'errors.naks': 0, 'errors.sequence': 0, 'packets.received': 0L, 'errors.crc': 0}
INFO:stick:PROCESS:END:353.226:RadioStats:0x05 0x00
INFO:__main__:{'radio': {'errors.crc': 0,
           'errors.naks': 0,
           'errors.sequence': 0,
           'errors.timeouts': 0,
           'packets.received': 0L,
           'packets.transmit': 0L},
 'usb': {'errors.crc': 0,
         'errors.naks': 0,
         'errors.sequence': 0,
         'errors.timeouts': 0,
         'packets.received': 22L,
         'packets.transmit': 22L}}
INFO:__main__:BEGIN POWER CONTROL 782591
INFO:__main__:execute attempt: 1
INFO:__main__:session transferring packet
INFO:stick:transmit_packet:write:<TransmitPacket:PowerControl:data:unknown>
INFO:stick:PROCESS:START:411.175:TransmitPacket:PowerControl:data:unknown
INFO:stick:link Stick transmit[TransmitPacket:PowerControl:data:unknown] reader[None] download_i[False] status[None] poll_size[None] poll_i[None] command[<TransmitPacket:PowerControl:data:unknown>] processing TransmitPacket:PowerControl:data:unknown)
INFO:stick:send_force_read: attempt 0/1 send command, read until we get something within some timeout
INFO:stick:link Stick transmit[TransmitPacket:PowerControl:data:unknown] reader[None] download_i[False] status[None] poll_size[None] poll_i[None] command[<TransmitPacket:PowerControl:data:unknown>] sending TransmitPacket:PowerControl:data:unknown)
DEBUG:stick:[1, 0, 167, 1, 120, 37, 145, 128, 2, 85, 0, 0, 0, 93, 175, 1, 10, 162]
INFO:root:usb.write.len: 18
0000   0x01 0x00 0xa7 0x01 0x78 0x25 0x91 0x80    ....x%..
0008   0x02 0x55 0x00 0x00 0x00 0x5d 0xaf 0x01    .U...]..
0010   0x0a 0xa2                                  ..
DEBUG:stick:sleeping 0.001
INFO:root:usb.read.len: 64
INFO:root:usb.read.raw:
0000   0x01 0x55 0x00 0x00 0x00 0x00 0x00 0x00    .U......
0008   0x00 0x00 0x00 0x00 0x00 0x00 0x00 0x00    ........
0010   0x00 0x00 0x00 0x00 0x00 0x00 0x00 0x00    ........
0018   0x00 0x00 0x00 0x00 0x00 0x00 0x00 0x00    ........
0020   0x00 0x01 0x00 0x00 0x00 0x00 0x00 0x00    ........
0028   0x00 0x00 0x00 0x00 0x00 0x00 0x00 0x00    ........
0030   0x00 0x00 0x00 0x00 0x00 0x00 0x00 0x00    ........
0038   0x00 0x00 0x00 0x00 0x00 0x00 0x00 0x00    ........
INFO:stick:quit send_force_read, found len: 64 expected 64 after 0 attempts
INFO:stick:finished processing TransmitPacket:PowerControl:data:unknown, bytearray(b'\x00\x00\x00\x00\x00\x00\x00\x00\x00\x00\x00\x00\x00\x00\x00\x00\x00\x00\x00\x00\x00\x00\x00\x00\x00\x00\x00\x00\x00\x00\x01\x00\x00\x00\x00\x00\x00\x00\x00\x00\x00\x00\x00\x00\x00\x00\x00\x00\x00\x00\x00\x00\x00\x00\x00\x00\x00\x00\x00\x00\x00')
INFO:stick:PROCESS:END:479.676:TransmitPacket:PowerControl:data:unknown
INFO:__main__:sleeping 12 before download
INFO:__main__:no download required
INFO:__main__:finished executing:PowerControl:data:unknown
INFO:commands:PowerControl:data:unknown:download:done?explain=found[0] expected[0]
INFO:__main__:manually download PowerControl serial 782591
INFO:stick:download:start:0
INFO:stick:Stick transmit[TransmitPacket:PowerControl:data:unknown] reader[None] download_i[1] status[None] poll_size[None] poll_i[None] command[<TransmitPacket:PowerControl:data:unknown>]:download(attempts[1],expect[0],results[0]:data[0]):begin first poll first sleep .250
DEBUG:stick:<Stick transmit[TransmitPacket:PowerControl:data:unknown] reader[None] download_i[1] status[None] poll_size[None] poll_i[None] command[<TransmitPacket:PowerControl:data:unknown>]>:STARTING POLL PHASE:attempt:0
DEBUG:stick:<Stick transmit[TransmitPacket:PowerControl:data:unknown] reader[None] download_i[1] status[None] poll_size[0] poll_i[0] command[<TransmitPacket:PowerControl:data:unknown>]>:poll:attempt:0
INFO:stick:PROCESS:START:12789.256:LinkStatus:0x03:status:size=64
INFO:stick:link Stick transmit[TransmitPacket:PowerControl:data:unknown] reader[None] download_i[1] status[None] poll_size[0] poll_i[0] command[<LinkStatus:0x03:status:size=64:size(64)>] processing LinkStatus:0x03:status:size=64)
INFO:stick:send_force_read: attempt 0/1 send command, read until we get something within some timeout
INFO:stick:link Stick transmit[TransmitPacket:PowerControl:data:unknown] reader[None] download_i[1] status[None] poll_size[0] poll_i[0] command[<LinkStatus:0x03:status:size=64:size(64)>] sending LinkStatus:0x03:status:size=64)
INFO:root:usb.write.len: 3
0000   0x03 0x00 0x00                             ...
DEBUG:stick:sleeping 0.001
INFO:root:usb.read.len: 64
INFO:root:usb.read.raw:
0000   0x01 0x55 0x00 0x00 0x02 0x01 0x00 0x0f    .U......
0008   0x05 0x04 0x00 0x00 0x00 0x00 0x00 0x00    ........
0010   0x00 0x00 0x00 0x00 0x00 0x00 0x00 0x00    ........
0018   0x00 0x00 0x00 0x00 0x00 0x00 0x00 0x00    ........
0020   0x00 0x01 0x00 0x00 0x00 0x00 0x00 0x00    ........
0028   0x00 0x00 0x00 0x00 0x00 0x00 0x00 0x00    ........
0030   0x00 0x00 0x00 0x00 0x00 0x00 0x00 0x00    ........
0038   0x00 0x00 0x00 0x00 0x00 0x00 0x00 0x00    ........
INFO:stick:quit send_force_read, found len: 64 expected 64 after 0 attempts
INFO:stick:LinkStatus:0x03:status:size=15

INFO:stick:finished processing LinkStatus:0x03:status:size=15, 15
INFO:stick:PROCESS:END:12840.52:LinkStatus:0x03:status:size=15
INFO:stick:Stick transmit[TransmitPacket:PowerControl:data:unknown] reader[None] download_i[1] status[<LinkStatus:0x03:status:size=15:size(15)>] poll_size[15] poll_i[0] command[<LinkStatus:0x03:status:size=15:size(15)>]:STOP POLL after 1 attempts:size:15
INFO:stick:Stick transmit[TransmitPacket:PowerControl:data:unknown] reader[None] download_i[1] status[<LinkStatus:0x03:status:size=15:size(15)>] poll_size[15] poll_i[False] command[<LinkStatus:0x03:status:size=15:size(15)>]:download(attempts[1],expect[15],results[0]:data[0]):end first poll
INFO:stick:Stick transmit[TransmitPacket:PowerControl:data:unknown] reader[None] download_i[1] status[<LinkStatus:0x03:status:size=15:size(15)>] poll_size[15] poll_i[False] command[<LinkStatus:0x03:status:size=15:size(15)>]:download(attempts[1],expect[15],results[0]:data[0]):proceed to download packet
INFO:stick:Stick transmit[TransmitPacket:PowerControl:data:unknown] reader[None] download_i[1] status[<LinkStatus:0x03:status:size=15:size(15)>] poll_size[15] poll_i[False] command[<LinkStatus:0x03:status:size=15:size(15)>]:download_packet:15
INFO:stick:PROCESS:START:12869.373:ReadRadio:size:15
INFO:stick:send_force_read: attempt 0/1 send command, read until we get something within some timeout
INFO:stick:link Stick transmit[TransmitPacket:PowerControl:data:unknown] reader[ReadRadio:size:15] download_i[1] status[<LinkStatus:0x03:status:size=15:size(15)>] poll_size[15] poll_i[False] command[<ReadRadio:size:15>] sending ReadRadio:size:15)
INFO:root:usb.write.len: 5
0000   0x0c 0x00 0x00 0x0f 0xc6                   .....
DEBUG:stick:sleeping 0.001
INFO:root:usb.read.len: 15
INFO:root:usb.read.raw:
0000   0x02 0x00 0x01 0x00 0xcf 0x80 0x01 0xa7    ........
0008   0x01 0x78 0x25 0x91 0xa3 0x00 0x00         .x%....
INFO:stick:quit send_force_read, found len: 15 expected 15 after 0 attempts
INFO:stick:readData validating remote raw[ack]: 02
INFO:stick:readData; foreign raw should be at least 14 bytes? 15 True
INFO:stick:readData; raw[retries] 0
INFO:stick:ReadRadio:size:15:eod:found eod (True)
INFO:stick:found packet len(1), link expects(1)
INFO:stick:PROCESS:END:12917.804:ReadRadio:size:15
INFO:stick:Stick transmit[TransmitPacket:PowerControl:data:unknown] reader[ReadRadio:size:15] download_i[1] status[<LinkStatus:0x03:status:size=15:size(15)>] poll_size[15] poll_i[False] command[<ReadRadio:size:15>]:download(attempts[1],expect[15],results[1]:data[1]):adding segment
INFO:stick:Stick transmit[TransmitPacket:PowerControl:data:unknown] reader[ReadRadio:size:15] download_i[1] status[<LinkStatus:0x03:status:size=15:size(15)>] poll_size[15] poll_i[False] command[<ReadRadio:size:15>]:download(attempts[1],expect[15],results[1]:data[1]):DONE
INFO:__main__:ENDING manual download:
0000   0x00                                       .
INFO:stick:PROCESS:START:12934.169:UsbStats:0x05 0x01
INFO:stick:link Stick transmit[TransmitPacket:PowerControl:data:unknown] reader[ReadRadio:size:15] download_i[False] status[<LinkStatus:0x03:status:size=15:size(15)>] poll_size[15] poll_i[False] command[<UsbStats:0x05 0x01:size(64)>] processing UsbStats:0x05 0x01)
INFO:stick:send_force_read: attempt 0/1 send command, read until we get something within some timeout
INFO:stick:link Stick transmit[TransmitPacket:PowerControl:data:unknown] reader[ReadRadio:size:15] download_i[False] status[<LinkStatus:0x03:status:size=15:size(15)>] poll_size[15] poll_i[False] command[<UsbStats:0x05 0x01:size(64)>] sending UsbStats:0x05 0x01)
INFO:root:usb.write.len: 3
0000   0x05 0x01 0x00                             ...
DEBUG:stick:sleeping 0.001
INFO:root:usb.read.len: 64
INFO:root:usb.read.raw:
0000   0x01 0x55 0x00 0x00 0x00 0x00 0x00 0x00    .U......
0008   0x00 0x00 0x1b 0x00 0x00 0x00 0x1b 0x00    ........
0010   0x1c 0x00 0x35 0x00 0x1b 0x04 0x00 0x00    ..5.....
0018   0x05 0x00 0x00 0x00 0x00 0x00 0x00 0x00    ........
0020   0x00 0x01 0x00 0x00 0x00 0x00 0x00 0x00    ........
0028   0x00 0x00 0x00 0x00 0x00 0x00 0x00 0x00    ........
0030   0x00 0x00 0x00 0x00 0x00 0x00 0x00 0x00    ........
0038   0x00 0x00 0x00 0x00 0x00 0x00 0x00 0x00    ........
INFO:stick:quit send_force_read, found len: 64 expected 64 after 0 attempts
INFO:stick:finished processing UsbStats:0x05 0x01, {'errors.timeouts': 0, 'packets.transmit': 27L, 'errors.naks': 0, 'errors.sequence': 0, 'packets.received': 27L, 'errors.crc': 0}
INFO:stick:PROCESS:END:12979.523:UsbStats:0x05 0x01
INFO:stick:PROCESS:START:12983.13:RadioStats:0x05 0x00
INFO:stick:link Stick transmit[TransmitPacket:PowerControl:data:unknown] reader[ReadRadio:size:15] download_i[False] status[<LinkStatus:0x03:status:size=15:size(15)>] poll_size[15] poll_i[False] command[<RadioStats:0x05 0x00:size(64)>] processing RadioStats:0x05 0x00)
INFO:stick:send_force_read: attempt 0/1 send command, read until we get something within some timeout
INFO:stick:link Stick transmit[TransmitPacket:PowerControl:data:unknown] reader[ReadRadio:size:15] download_i[False] status[<LinkStatus:0x03:status:size=15:size(15)>] poll_size[15] poll_i[False] command[<RadioStats:0x05 0x00:size(64)>] sending RadioStats:0x05 0x00)
INFO:root:usb.write.len: 3
0000   0x05 0x00 0x00                             ...
DEBUG:stick:sleeping 0.001
INFO:root:usb.read.len: 64
INFO:root:usb.read.raw:
0000   0x01 0x55 0x00 0x00 0x00 0x00 0x00 0x00    .U......
0008   0x00 0x00 0x02 0x00 0x00 0x00 0x02 0x00    ........
0010   0x00 0x00 0x01 0x00 0x02 0x00 0x00 0x00    ........
0018   0x00 0x00 0x01 0x00 0x00 0x00 0x00 0x00    ........
0020   0x00 0x01 0x00 0x02 0x00 0x00 0x00 0x00    ........
0028   0x00 0x00 0x00 0x00 0x00 0x00 0x00 0x00    ........
0030   0x00 0x00 0x00 0x00 0x00 0x00 0x00 0x00    ........
0038   0x00 0x00 0x00 0x00 0x00 0x00 0x00 0x00    ........
INFO:stick:quit send_force_read, found len: 64 expected 64 after 0 attempts
INFO:stick:finished processing RadioStats:0x05 0x00, {'errors.timeouts': 0, 'packets.transmit': 2L, 'errors.naks': 0, 'errors.sequence': 0, 'packets.received': 2L, 'errors.crc': 0}
INFO:stick:PROCESS:END:13036.452:RadioStats:0x05 0x00
INFO:__main__:{'radio': {'errors.crc': 0,
           'errors.naks': 0,
           'errors.sequence': 0,
           'errors.timeouts': 0,
           'packets.received': 2L,
           'packets.transmit': 2L},
 'usb': {'errors.crc': 0,
         'errors.naks': 0,
         'errors.sequence': 0,
         'errors.timeouts': 0,
         'packets.received': 27L,
         'packets.transmit': 27L}}
INFO:__main__:execute attempt: 1
INFO:__main__:session transferring packet
INFO:stick:transmit_packet:write:<TransmitPacket:ReadPumpModel:data:unknown>
INFO:stick:PROCESS:START:13079.73:TransmitPacket:ReadPumpModel:data:unknown
INFO:stick:link Stick transmit[TransmitPacket:ReadPumpModel:data:unknown] reader[ReadRadio:size:15] download_i[False] status[<LinkStatus:0x03:status:size=15:size(15)>] poll_size[15] poll_i[False] command[<TransmitPacket:ReadPumpModel:data:unknown>] processing TransmitPacket:ReadPumpModel:data:unknown)
INFO:stick:send_force_read: attempt 0/1 send command, read until we get something within some timeout
INFO:stick:link Stick transmit[TransmitPacket:ReadPumpModel:data:unknown] reader[ReadRadio:size:15] download_i[False] status[<LinkStatus:0x03:status:size=15:size(15)>] poll_size[15] poll_i[False] command[<TransmitPacket:ReadPumpModel:data:unknown>] sending TransmitPacket:ReadPumpModel:data:unknown)
DEBUG:stick:[1, 0, 167, 1, 120, 37, 145, 128, 0, 0, 2, 1, 0, 141, 18, 0]
INFO:root:usb.write.len: 16
0000   0x01 0x00 0xa7 0x01 0x78 0x25 0x91 0x80    ....x%..
0008   0x00 0x00 0x02 0x01 0x00 0x8d 0x12 0x00    ........
DEBUG:stick:sleeping 0.001
INFO:root:usb.read.len: 64
INFO:root:usb.read.raw:
0000   0x01 0x55 0x00 0x00 0x00 0x00 0x00 0x00    .U......
0008   0x00 0x00 0x02 0x00 0x00 0x00 0x02 0x00    ........
0010   0x00 0x00 0x01 0x00 0x02 0x00 0x00 0x00    ........
0018   0x00 0x00 0x01 0x00 0x00 0x00 0x00 0x00    ........
0020   0x00 0x01 0x00 0x02 0x00 0x00 0x00 0x00    ........
0028   0x00 0x00 0x00 0x00 0x00 0x00 0x00 0x00    ........
0030   0x00 0x00 0x00 0x00 0x00 0x00 0x00 0x00    ........
0038   0x00 0x00 0x00 0x00 0x00 0x00 0x00 0x00    ........
INFO:stick:quit send_force_read, found len: 64 expected 64 after 0 attempts
INFO:stick:finished processing TransmitPacket:ReadPumpModel:data:unknown, bytearray(b'\x00\x00\x00\x00\x00\x00\x00\x02\x00\x00\x00\x02\x00\x00\x00\x01\x00\x02\x00\x00\x00\x00\x00\x01\x00\x00\x00\x00\x00\x00\x01\x00\x02\x00\x00\x00\x00\x00\x00\x00\x00\x00\x00\x00\x00\x00\x00\x00\x00\x00\x00\x00\x00\x00\x00\x00\x00\x00\x00\x00\x00')
INFO:stick:PROCESS:END:13130.727:TransmitPacket:ReadPumpModel:data:unknown
INFO:__main__:sleeping 0.5 before download
INFO:__main__:proceeding with download
INFO:stick:download:start:0
INFO:stick:Stick transmit[TransmitPacket:ReadPumpModel:data:unknown] reader[ReadRadio:size:15] download_i[1] status[<LinkStatus:0x03:status:size=15:size(15)>] poll_size[15] poll_i[False] command[<TransmitPacket:ReadPumpModel:data:unknown>]:download(attempts[1],expect[0],results[0]:data[0]):begin first poll first sleep .250
DEBUG:stick:<Stick transmit[TransmitPacket:ReadPumpModel:data:unknown] reader[ReadRadio:size:15] download_i[1] status[<LinkStatus:0x03:status:size=15:size(15)>] poll_size[15] poll_i[False] command[<TransmitPacket:ReadPumpModel:data:unknown>]>:STARTING POLL PHASE:attempt:0
DEBUG:stick:<Stick transmit[TransmitPacket:ReadPumpModel:data:unknown] reader[ReadRadio:size:15] download_i[1] status[<LinkStatus:0x03:status:size=15:size(15)>] poll_size[0] poll_i[0] command[<TransmitPacket:ReadPumpModel:data:unknown>]>:poll:attempt:0
INFO:stick:PROCESS:START:13910.335:LinkStatus:0x03:status:size=64
INFO:stick:link Stick transmit[TransmitPacket:ReadPumpModel:data:unknown] reader[ReadRadio:size:15] download_i[1] status[<LinkStatus:0x03:status:size=15:size(15)>] poll_size[0] poll_i[0] command[<LinkStatus:0x03:status:size=64:size(64)>] processing LinkStatus:0x03:status:size=64)
INFO:stick:send_force_read: attempt 0/1 send command, read until we get something within some timeout
INFO:stick:link Stick transmit[TransmitPacket:ReadPumpModel:data:unknown] reader[ReadRadio:size:15] download_i[1] status[<LinkStatus:0x03:status:size=15:size(15)>] poll_size[0] poll_i[0] command[<LinkStatus:0x03:status:size=64:size(64)>] sending LinkStatus:0x03:status:size=64)
INFO:root:usb.write.len: 3
0000   0x03 0x00 0x00                             ...
DEBUG:stick:sleeping 0.001
INFO:root:usb.read.len: 64
INFO:root:usb.read.raw:
0000   0x01 0x55 0x00 0x00 0x02 0x01 0x00 0x4e    .U.....N
0008   0x05 0x04 0x00 0x00 0x00 0x00 0x02 0x00    ........
0010   0x00 0x00 0x01 0x00 0x02 0x00 0x00 0x00    ........
0018   0x00 0x00 0x01 0x00 0x00 0x00 0x00 0x00    ........
0020   0x00 0x01 0x00 0x02 0x00 0x00 0x00 0x00    ........
0028   0x00 0x00 0x00 0x00 0x00 0x00 0x00 0x00    ........
0030   0x00 0x00 0x00 0x00 0x00 0x00 0x00 0x00    ........
0038   0x00 0x00 0x00 0x00 0x00 0x00 0x00 0x00    ........
INFO:stick:quit send_force_read, found len: 64 expected 64 after 0 attempts
INFO:stick:LinkStatus:0x03:status:size=78

INFO:stick:finished processing LinkStatus:0x03:status:size=78, 78
INFO:stick:PROCESS:END:13978.711:LinkStatus:0x03:status:size=78
INFO:stick:Stick transmit[TransmitPacket:ReadPumpModel:data:unknown] reader[ReadRadio:size:15] download_i[1] status[<LinkStatus:0x03:status:size=78:size(78)>] poll_size[78] poll_i[0] command[<LinkStatus:0x03:status:size=78:size(78)>]:STOP POLL after 1 attempts:size:78
INFO:stick:Stick transmit[TransmitPacket:ReadPumpModel:data:unknown] reader[ReadRadio:size:15] download_i[1] status[<LinkStatus:0x03:status:size=78:size(78)>] poll_size[78] poll_i[False] command[<LinkStatus:0x03:status:size=78:size(78)>]:download(attempts[1],expect[78],results[0]:data[0]):end first poll
INFO:stick:Stick transmit[TransmitPacket:ReadPumpModel:data:unknown] reader[ReadRadio:size:15] download_i[1] status[<LinkStatus:0x03:status:size=78:size(78)>] poll_size[78] poll_i[False] command[<LinkStatus:0x03:status:size=78:size(78)>]:download(attempts[1],expect[78],results[0]:data[0]):proceed to download packet
INFO:stick:Stick transmit[TransmitPacket:ReadPumpModel:data:unknown] reader[ReadRadio:size:15] download_i[1] status[<LinkStatus:0x03:status:size=78:size(78)>] poll_size[78] poll_i[False] command[<LinkStatus:0x03:status:size=78:size(78)>]:download_packet:78
INFO:stick:PROCESS:START:14009.937:ReadRadio:size:78
INFO:stick:send_force_read: attempt 0/1 send command, read until we get something within some timeout
INFO:stick:link Stick transmit[TransmitPacket:ReadPumpModel:data:unknown] reader[ReadRadio:size:78] download_i[1] status[<LinkStatus:0x03:status:size=78:size(78)>] poll_size[78] poll_i[False] command[<ReadRadio:size:78>] sending ReadRadio:size:78)
INFO:root:usb.write.len: 5
0000   0x0c 0x00 0x00 0x4e 0x95                   ...N.
DEBUG:stick:sleeping 0.001
INFO:root:usb.read.len: 78
INFO:root:usb.read.raw:
0000   0x02 0x00 0x03 0x00 0xce 0x80 0x40 0xa7    ......@.
0008   0x01 0x78 0x25 0x91 0x6f 0x03 0x37 0x31    .x%.o.71
0010   0x35 0x00 0x00 0x00 0x00 0x00 0x00 0x00    5.......
0018   0x00 0x00 0x00 0x00 0x00 0x00 0x00 0x00    ........
0020   0x00 0x00 0x00 0x00 0x00 0x00 0x00 0x00    ........
0028   0x00 0x00 0x00 0x00 0x00 0x00 0x00 0x00    ........
0030   0x00 0x00 0x00 0x00 0x00 0x00 0x00 0x00    ........
0038   0x00 0x00 0x00 0x00 0x00 0x00 0x00 0x00    ........
0040   0x00 0x00 0x00 0x00 0x00 0x00 0x00 0x00    ........
0048   0x00 0x00 0x00 0x00 0x00 0xdd              ......
INFO:stick:quit send_force_read, found len: 78 expected 78 after 0 attempts
INFO:stick:readData validating remote raw[ack]: 02
INFO:stick:readData; foreign raw should be at least 14 bytes? 78 True
INFO:stick:readData; raw[retries] 0
INFO:stick:ReadRadio:size:78:eod:found eod (True)
INFO:stick:found packet len(64), link expects(64)
INFO:stick:PROCESS:END:14085.162:ReadRadio:size:78
INFO:stick:Stick transmit[TransmitPacket:ReadPumpModel:data:unknown] reader[ReadRadio:size:78] download_i[1] status[<LinkStatus:0x03:status:size=78:size(78)>] poll_size[78] poll_i[False] command[<ReadRadio:size:78>]:download(attempts[1],expect[78],results[64]:data[64]):adding segment
INFO:stick:Stick transmit[TransmitPacket:ReadPumpModel:data:unknown] reader[ReadRadio:size:78] download_i[1] status[<LinkStatus:0x03:status:size=78:size(78)>] poll_size[78] poll_i[False] command[<ReadRadio:size:78>]:download(attempts[1],expect[78],results[64]:data[64]):DONE
INFO:__main__:finished executing:ReadPumpModel:size[64]:data:'715'
INFO:commands:ReadPumpModel:size[64]:data:'715':download:done?explain=found[64] expected[64]
INFO:__main__:PUMP MODEL: ReadPumpModel:size[64]:data:'715'
INFO:stick:PROCESS:START:14117.486:UsbStats:0x05 0x01
INFO:stick:link Stick transmit[TransmitPacket:ReadPumpModel:size[64]:data:'715'] reader[ReadRadio:size:78] download_i[False] status[<LinkStatus:0x03:status:size=78:size(78)>] poll_size[78] poll_i[False] command[<UsbStats:0x05 0x01:size(64)>] processing UsbStats:0x05 0x01)
INFO:stick:send_force_read: attempt 0/1 send command, read until we get something within some timeout
INFO:stick:link Stick transmit[TransmitPacket:ReadPumpModel:size[64]:data:'715'] reader[ReadRadio:size:78] download_i[False] status[<LinkStatus:0x03:status:size=78:size(78)>] poll_size[78] poll_i[False] command[<UsbStats:0x05 0x01:size(64)>] sending UsbStats:0x05 0x01)
INFO:root:usb.write.len: 3
0000   0x05 0x01 0x00                             ...
DEBUG:stick:sleeping 0.001
INFO:root:usb.read.len: 64
INFO:root:usb.read.raw:
0000   0x01 0x55 0x00 0x00 0x00 0x00 0x00 0x00    .U......
0008   0x00 0x00 0x20 0x00 0x00 0x00 0x20 0x00    .. ... .
0010   0x21 0x00 0x3f 0x00 0x20 0x04 0x00 0x00    !.?. ...
0018   0x05 0x00 0x00 0x00 0x00 0x00 0x00 0x00    ........
0020   0x00 0x00 0x00 0x00 0x00 0x00 0x00 0x00    ........
0028   0x00 0x00 0x00 0x00 0x00 0x00 0x00 0x00    ........
0030   0x00 0x00 0x00 0x00 0x00 0x00 0x00 0x00    ........
0038   0x00 0x00 0x00 0x00 0x00 0x00 0x00 0x00    ........
INFO:stick:quit send_force_read, found len: 64 expected 64 after 0 attempts
INFO:stick:finished processing UsbStats:0x05 0x01, {'errors.timeouts': 0, 'packets.transmit': 32L, 'errors.naks': 0, 'errors.sequence': 0, 'packets.received': 32L, 'errors.crc': 0}
INFO:stick:PROCESS:END:14178.866:UsbStats:0x05 0x01
INFO:stick:PROCESS:START:14183.481:RadioStats:0x05 0x00
INFO:stick:link Stick transmit[TransmitPacket:ReadPumpModel:size[64]:data:'715'] reader[ReadRadio:size:78] download_i[False] status[<LinkStatus:0x03:status:size=78:size(78)>] poll_size[78] poll_i[False] command[<RadioStats:0x05 0x00:size(64)>] processing RadioStats:0x05 0x00)
INFO:stick:send_force_read: attempt 0/1 send command, read until we get something within some timeout
INFO:stick:link Stick transmit[TransmitPacket:ReadPumpModel:size[64]:data:'715'] reader[ReadRadio:size:78] download_i[False] status[<LinkStatus:0x03:status:size=78:size(78)>] poll_size[78] poll_i[False] command[<RadioStats:0x05 0x00:size(64)>] sending RadioStats:0x05 0x00)
INFO:root:usb.write.len: 3
0000   0x05 0x00 0x00                             ...
DEBUG:stick:sleeping 0.001
INFO:root:usb.read.len: 64
INFO:root:usb.read.raw:
0000   0x01 0x55 0x00 0x00 0x00 0x00 0x00 0x00    .U......
0008   0x00 0x00 0x03 0x00 0x00 0x00 0x03 0x00    ........
0010   0x00 0x00 0x02 0x00 0x02 0x00 0x00 0x00    ........
0018   0x01 0x00 0x01 0x00 0x00 0x00 0x00 0x00    ........
0020   0x00 0x01 0x00 0x0b 0x00 0x00 0x00 0x00    ........
0028   0x00 0x00 0x00 0x00 0x00 0x00 0x00 0x00    ........
0030   0x00 0x00 0x00 0x00 0x00 0x00 0x00 0x00    ........
0038   0x00 0x00 0x00 0x00 0x00 0x00 0x00 0x00    ........
INFO:stick:quit send_force_read, found len: 64 expected 64 after 0 attempts
INFO:stick:finished processing RadioStats:0x05 0x00, {'errors.timeouts': 0, 'packets.transmit': 3L, 'errors.naks': 0, 'errors.sequence': 0, 'packets.received': 3L, 'errors.crc': 0}
INFO:stick:PROCESS:END:14246.688:RadioStats:0x05 0x00
INFO:__main__:{'radio': {'errors.crc': 0,
           'errors.naks': 0,
           'errors.sequence': 0,
           'errors.timeouts': 0,
           'packets.received': 3L,
           'packets.transmit': 3L},
 'usb': {'errors.crc': 0,
         'errors.naks': 0,
         'errors.sequence': 0,
         'errors.timeouts': 0,
         'packets.received': 32L,
         'packets.transmit': 32L}}
INFO:__main__:read HISTORY DATA
INFO:__main__:execute attempt: 1
INFO:__main__:session transferring packet
INFO:stick:transmit_packet:write:<TransmitPacket:ReadHistoryData:size[1024]:[page][0]:data[0]:>
INFO:stick:PROCESS:START:14302.585:TransmitPacket:ReadHistoryData:size[1024]:[page][0]:data[0]:
INFO:stick:link Stick transmit[TransmitPacket:ReadHistoryData:size[1024]:[page][0]:data[0]:] reader[ReadRadio:size:78] download_i[False] status[<LinkStatus:0x03:status:size=78:size(78)>] poll_size[78] poll_i[False] command[<TransmitPacket:ReadHistoryData:size[1024]:[page][0]:data[0]:>] processing TransmitPacket:ReadHistoryData:size[1024]:[page][0]:data[0]:)
INFO:stick:send_force_read: attempt 0/1 send command, read until we get something within some timeout
INFO:stick:link Stick transmit[TransmitPacket:ReadHistoryData:size[1024]:[page][0]:data[0]:] reader[ReadRadio:size:78] download_i[False] status[<LinkStatus:0x03:status:size=78:size(78)>] poll_size[78] poll_i[False] command[<TransmitPacket:ReadHistoryData:size[1024]:[page][0]:data[0]:>] sending TransmitPacket:ReadHistoryData:size[1024]:[page][0]:data[0]:)
DEBUG:stick:[1, 0, 167, 1, 120, 37, 145, 128, 1, 0, 2, 2, 0, 128, 78, 0, 0]
INFO:root:usb.write.len: 17
0000   0x01 0x00 0xa7 0x01 0x78 0x25 0x91 0x80    ....x%..
0008   0x01 0x00 0x02 0x02 0x00 0x80 0x4e 0x00    ......N.
0010   0x00                                       .
DEBUG:stick:sleeping 0.001
INFO:root:usb.read.len: 64
INFO:root:usb.read.raw:
0000   0x01 0x55 0x00 0x00 0x00 0x00 0x00 0x00    .U......
0008   0x00 0x00 0x03 0x00 0x00 0x00 0x03 0x00    ........
0010   0x00 0x00 0x02 0x00 0x02 0x00 0x00 0x00    ........
0018   0x01 0x00 0x01 0x00 0x00 0x00 0x00 0x00    ........
0020   0x00 0x01 0x00 0x0b 0x00 0x00 0x00 0x00    ........
0028   0x00 0x00 0x00 0x00 0x00 0x00 0x00 0x00    ........
0030   0x00 0x00 0x00 0x00 0x00 0x00 0x00 0x00    ........
0038   0x00 0x00 0x00 0x00 0x00 0x00 0x00 0x00    ........
INFO:stick:quit send_force_read, found len: 64 expected 64 after 0 attempts
INFO:stick:finished processing TransmitPacket:ReadHistoryData:size[1024]:[page][0]:data[0]:, bytearray(b'\x00\x00\x00\x00\x00\x00\x00\x03\x00\x00\x00\x03\x00\x00\x00\x02\x00\x02\x00\x00\x00\x01\x00\x01\x00\x00\x00\x00\x00\x00\x01\x00\x0b\x00\x00\x00\x00\x00\x00\x00\x00\x00\x00\x00\x00\x00\x00\x00\x00\x00\x00\x00\x00\x00\x00\x00\x00\x00\x00\x00\x00')
INFO:stick:PROCESS:END:14366.751:TransmitPacket:ReadHistoryData:size[1024]:[page][0]:data[0]:
INFO:__main__:sleeping 0.1 before download
INFO:__main__:proceeding with download
INFO:stick:download:start:0
INFO:stick:Stick transmit[TransmitPacket:ReadHistoryData:size[1024]:[page][0]:data[0]:] reader[ReadRadio:size:78] download_i[1] status[<LinkStatus:0x03:status:size=78:size(78)>] poll_size[78] poll_i[False] command[<TransmitPacket:ReadHistoryData:size[1024]:[page][0]:data[0]:>]:download(attempts[1],expect[0],results[0]:data[0]):begin first poll first sleep .250
DEBUG:stick:<Stick transmit[TransmitPacket:ReadHistoryData:size[1024]:[page][0]:data[0]:] reader[ReadRadio:size:78] download_i[1] status[<LinkStatus:0x03:status:size=78:size(78)>] poll_size[78] poll_i[False] command[<TransmitPacket:ReadHistoryData:size[1024]:[page][0]:data[0]:>]>:STARTING POLL PHASE:attempt:0
DEBUG:stick:<Stick transmit[TransmitPacket:ReadHistoryData:size[1024]:[page][0]:data[0]:] reader[ReadRadio:size:78] download_i[1] status[<LinkStatus:0x03:status:size=78:size(78)>] poll_size[0] poll_i[0] command[<TransmitPacket:ReadHistoryData:size[1024]:[page][0]:data[0]:>]>:poll:attempt:0
INFO:stick:PROCESS:START:14752.643:LinkStatus:0x03:status:size=64
INFO:stick:link Stick transmit[TransmitPacket:ReadHistoryData:size[1024]:[page][0]:data[0]:] reader[ReadRadio:size:78] download_i[1] status[<LinkStatus:0x03:status:size=78:size(78)>] poll_size[0] poll_i[0] command[<LinkStatus:0x03:status:size=64:size(64)>] processing LinkStatus:0x03:status:size=64)
INFO:stick:send_force_read: attempt 0/1 send command, read until we get something within some timeout
INFO:stick:link Stick transmit[TransmitPacket:ReadHistoryData:size[1024]:[page][0]:data[0]:] reader[ReadRadio:size:78] download_i[1] status[<LinkStatus:0x03:status:size=78:size(78)>] poll_size[0] poll_i[0] command[<LinkStatus:0x03:status:size=64:size(64)>] sending LinkStatus:0x03:status:size=64)
INFO:root:usb.write.len: 3
0000   0x03 0x00 0x00                             ...
DEBUG:stick:sleeping 0.001
INFO:root:usb.read.len: 64
INFO:root:usb.read.raw:
0000   0x01 0x55 0x00 0x00 0x02 0x01 0x00 0x8e    .U......
0008   0x05 0x04 0x00 0x00 0x00 0x00 0x03 0x00    ........
0010   0x00 0x00 0x02 0x00 0x02 0x00 0x00 0x00    ........
0018   0x01 0x00 0x01 0x00 0x00 0x00 0x00 0x00    ........
0020   0x00 0x01 0x00 0x0b 0x00 0x00 0x00 0x00    ........
0028   0x00 0x00 0x00 0x00 0x00 0x00 0x00 0x00    ........
0030   0x00 0x00 0x00 0x00 0x00 0x00 0x00 0x00    ........
0038   0x00 0x00 0x00 0x00 0x00 0x00 0x00 0x00    ........
INFO:stick:quit send_force_read, found len: 64 expected 64 after 0 attempts
INFO:stick:LinkStatus:0x03:status:size=142

INFO:stick:finished processing LinkStatus:0x03:status:size=142, 142
INFO:stick:PROCESS:END:14805.235:LinkStatus:0x03:status:size=142
INFO:stick:Stick transmit[TransmitPacket:ReadHistoryData:size[1024]:[page][0]:data[0]:] reader[ReadRadio:size:78] download_i[1] status[<LinkStatus:0x03:status:size=142:size(142)>] poll_size[142] poll_i[0] command[<LinkStatus:0x03:status:size=142:size(142)>]:STOP POLL after 1 attempts:size:142
INFO:stick:Stick transmit[TransmitPacket:ReadHistoryData:size[1024]:[page][0]:data[0]:] reader[ReadRadio:size:78] download_i[1] status[<LinkStatus:0x03:status:size=142:size(142)>] poll_size[142] poll_i[False] command[<LinkStatus:0x03:status:size=142:size(142)>]:download(attempts[1],expect[142],results[0]:data[0]):end first poll
INFO:stick:Stick transmit[TransmitPacket:ReadHistoryData:size[1024]:[page][0]:data[0]:] reader[ReadRadio:size:78] download_i[1] status[<LinkStatus:0x03:status:size=142:size(142)>] poll_size[142] poll_i[False] command[<LinkStatus:0x03:status:size=142:size(142)>]:download(attempts[1],expect[142],results[0]:data[0]):proceed to download packet
INFO:stick:Stick transmit[TransmitPacket:ReadHistoryData:size[1024]:[page][0]:data[0]:] reader[ReadRadio:size:78] download_i[1] status[<LinkStatus:0x03:status:size=142:size(142)>] poll_size[142] poll_i[False] command[<LinkStatus:0x03:status:size=142:size(142)>]:download_packet:142
INFO:stick:PROCESS:START:14828.503:ReadRadio:size:142
INFO:stick:send_force_read: attempt 0/1 send command, read until we get something within some timeout
INFO:stick:link Stick transmit[TransmitPacket:ReadHistoryData:size[1024]:[page][0]:data[0]:] reader[ReadRadio:size:142] download_i[1] status[<LinkStatus:0x03:status:size=142:size(142)>] poll_size[142] poll_i[False] command[<ReadRadio:size:142>] sending ReadRadio:size:142)
INFO:root:usb.write.len: 5
0000   0x0c 0x00 0x00 0x8e 0x56                   ....V
DEBUG:stick:sleeping 0.001
INFO:root:usb.read.len: 142
INFO:root:usb.read.raw:
0000   0x02 0x00 0x04 0x00 0xcf 0x00 0x80 0xa7    ........
0008   0x01 0x78 0x25 0x91 0x34 0x16 0x00 0x2d    .x%.4..-
0010   0xae 0x0c 0x4a 0x11 0x33 0x00 0x31 0xae    ..J.3.1.
0018   0x0c 0x4a 0x11 0x00 0x16 0x00 0x31 0xae    .J....1.
0020   0x0c 0x4a 0x11 0x33 0x00 0x34 0xae 0x0c    .J.3.4..
0028   0x4a 0x11 0x00 0x16 0x00 0x34 0xae 0x0c    J....4..
0030   0x4a 0x11 0x33 0x00 0x38 0xae 0x0c 0x4a    J.3.8..J
0038   0x11 0x00 0x16 0x00 0x38 0xae 0x0c 0x4a    ....8..J
0040   0x11 0x33 0x00 0x00 0xaf 0x0c 0x4a 0x11    .3....J.
0048   0x00 0x16 0x00 0x00 0xaf 0x0c 0x4a 0x11    ......J.
0050   0x33 0x00 0x04 0xaf 0x0c 0x4a 0x11 0x00    3....J..
0058   0x16 0x00 0x04 0xaf 0x0c 0x4a 0x11 0x33    .....J.3
0060   0x00 0x07 0xaf 0x0c 0x4a 0x11 0x00 0x16    ....J...
0068   0x00 0x07 0xaf 0x0c 0x4a 0x11 0x33 0x00    ....J.3.
0070   0x0b 0xaf 0x0c 0x4a 0x11 0x00 0x16 0x00    ...J....
0078   0x0b 0xaf 0x0c 0x4a 0x11 0x01 0x0a 0x0a    ...J....
0080   0x00 0x05 0x8b 0x4d 0x0a 0x11 0x01 0x28    ...M...(
0088   0x28 0x00 0x0d 0x96 0x4d 0x32              (...M2
INFO:stick:quit send_force_read, found len: 142 expected 142 after 0 attempts
INFO:stick:readData validating remote raw[ack]: 02
INFO:stick:readData; foreign raw should be at least 14 bytes? 142 True
INFO:stick:readData; raw[retries] 0
INFO:stick:ReadRadio:size:142:eod:found eod (False)
INFO:stick:found packet len(128), link expects(128)
INFO:stick:PROCESS:END:14934.692:ReadRadio:size:142
INFO:stick:Stick transmit[TransmitPacket:ReadHistoryData:size[1024]:[page][0]:data[0]:] reader[ReadRadio:size:142] download_i[1] status[<LinkStatus:0x03:status:size=142:size(142)>] poll_size[142] poll_i[False] command[<ReadRadio:size:142>]:download(attempts[1],expect[142],results[128]:data[128]):adding segment
INFO:stick:Stick transmit[TransmitPacket:ReadHistoryData:size[1024]:[page][0]:data[0]:] reader[ReadRadio:size:142] download_i[1] status[<LinkStatus:0x03:status:size=142:size(142)>] poll_size[142] poll_i[False] command[<ReadRadio:size:142>]:download(attempts[1],expect[142],results[128]:data[128]):no eod, sleep .200 try again
DEBUG:stick:<Stick transmit[TransmitPacket:ReadHistoryData:size[1024]:[page][0]:data[0]:] reader[ReadRadio:size:142] download_i[1] status[<LinkStatus:0x03:status:size=142:size(142)>] poll_size[142] poll_i[False] command[<ReadRadio:size:142>]>:STARTING POLL PHASE:attempt:0
DEBUG:stick:<Stick transmit[TransmitPacket:ReadHistoryData:size[1024]:[page][0]:data[0]:] reader[ReadRadio:size:142] download_i[1] status[<LinkStatus:0x03:status:size=142:size(142)>] poll_size[0] poll_i[0] command[<ReadRadio:size:142>]>:poll:attempt:0
INFO:stick:PROCESS:START:15158.681:LinkStatus:0x03:status:size=64
INFO:stick:link Stick transmit[TransmitPacket:ReadHistoryData:size[1024]:[page][0]:data[0]:] reader[ReadRadio:size:142] download_i[1] status[<LinkStatus:0x03:status:size=142:size(142)>] poll_size[0] poll_i[0] command[<LinkStatus:0x03:status:size=64:size(64)>] processing LinkStatus:0x03:status:size=64)
INFO:stick:send_force_read: attempt 0/1 send command, read until we get something within some timeout
INFO:stick:link Stick transmit[TransmitPacket:ReadHistoryData:size[1024]:[page][0]:data[0]:] reader[ReadRadio:size:142] download_i[1] status[<LinkStatus:0x03:status:size=142:size(142)>] poll_size[0] poll_i[0] command[<LinkStatus:0x03:status:size=64:size(64)>] sending LinkStatus:0x03:status:size=64)
INFO:root:usb.write.len: 3
0000   0x03 0x00 0x00                             ...
DEBUG:stick:sleeping 0.001
INFO:root:usb.read.len: 64
INFO:root:usb.read.raw:
0000   0x01 0x55 0x00 0x00 0x02 0x01 0x00 0xce    .U......
0008   0x05 0x04 0x00 0x91 0x34 0x16 0x00 0x2d    ....4..-
0010   0xae 0x0c 0x4a 0x11 0x33 0x00 0x31 0xae    ..J.3.1.
0018   0x0c 0x4a 0x11 0x00 0x16 0x00 0x31 0xae    .J....1.
0020   0x0c 0x4a 0x11 0x33 0x00 0x34 0xae 0x0c    .J.3.4..
0028   0x4a 0x11 0x00 0x16 0x00 0x34 0xae 0x0c    J....4..
0030   0x4a 0x11 0x33 0x00 0x38 0xae 0x0c 0x4a    J.3.8..J
0038   0x11 0x00 0x16 0x00 0x38 0xae 0x0c 0x4a    ....8..J
INFO:stick:quit send_force_read, found len: 64 expected 64 after 0 attempts
INFO:stick:LinkStatus:0x03:status:size=206

INFO:stick:finished processing LinkStatus:0x03:status:size=206, 206
INFO:stick:PROCESS:END:15224.313:LinkStatus:0x03:status:size=206
INFO:stick:Stick transmit[TransmitPacket:ReadHistoryData:size[1024]:[page][0]:data[0]:] reader[ReadRadio:size:142] download_i[1] status[<LinkStatus:0x03:status:size=206:size(206)>] poll_size[206] poll_i[0] command[<LinkStatus:0x03:status:size=206:size(206)>]:STOP POLL after 1 attempts:size:206
INFO:stick:Stick transmit[TransmitPacket:ReadHistoryData:size[1024]:[page][0]:data[0]:] reader[ReadRadio:size:142] download_i[2] status[<LinkStatus:0x03:status:size=206:size(206)>] poll_size[206] poll_i[False] command[<LinkStatus:0x03:status:size=206:size(206)>]:download(attempts[2],expect[206],results[128]:data[0]):proceed to download packet
INFO:stick:Stick transmit[TransmitPacket:ReadHistoryData:size[1024]:[page][0]:data[0]:] reader[ReadRadio:size:142] download_i[2] status[<LinkStatus:0x03:status:size=206:size(206)>] poll_size[206] poll_i[False] command[<LinkStatus:0x03:status:size=206:size(206)>]:download_packet:206
INFO:stick:PROCESS:START:15247.477:ReadRadio:size:206
INFO:stick:send_force_read: attempt 0/1 send command, read until we get something within some timeout
INFO:stick:link Stick transmit[TransmitPacket:ReadHistoryData:size[1024]:[page][0]:data[0]:] reader[ReadRadio:size:206] download_i[2] status[<LinkStatus:0x03:status:size=206:size(206)>] poll_size[206] poll_i[False] command[<ReadRadio:size:206>] sending ReadRadio:size:206)
INFO:root:usb.write.len: 5
0000   0x0c 0x00 0x00 0xce 0x9e                   .....
DEBUG:stick:sleeping 0.001
INFO:root:usb.read.len: 206
INFO:root:usb.read.raw:
0000   0x02 0x00 0x04 0x00 0xcf 0x00 0xc0 0xa7    ........
0008   0x01 0x78 0x25 0x91 0xcc 0x0a 0x11 0x39    .x%....9
0010   0x0e 0x23 0xb6 0xef 0x6a 0x11 0x76 0x92    .#..j.v.
0018   0x11 0x00 0x00 0x00 0x00 0x00 0x00 0x00    ........
0020   0x00 0x00 0x00 0x00 0x00 0x00 0x00 0x00    ........
0028   0x00 0x00 0x00 0x00 0x00 0x00 0x00 0x00    ........
0030   0x00 0x00 0x00 0x00 0x00 0x00 0x00 0x00    ........
0038   0x00 0x00 0x00 0x00 0x00 0x00 0x00 0x00    ........
0040   0x00 0x00 0x00 0x00 0x00 0x00 0x00 0x00    ........
0048   0x00 0x00 0x00 0x00 0x00 0x00 0x00 0x00    ........
0050   0x00 0x00 0x00 0x00 0x00 0x00 0x00 0x00    ........
0058   0x00 0x00 0x00 0x00 0x00 0x00 0x00 0x00    ........
0060   0x00 0x00 0x00 0x00 0x00 0x00 0x00 0x00    ........
0068   0x00 0x00 0x00 0x00 0x00 0x00 0x00 0x00    ........
0070   0x00 0x00 0x00 0x00 0x00 0x00 0x00 0x00    ........
0078   0x00 0x00 0x00 0x00 0x00 0x00 0x00 0x00    ........
0080   0x00 0x00 0x00 0x00 0x00 0x00 0x00 0x00    ........
0088   0x00 0x00 0x00 0x00 0x00 0x00 0x00 0x00    ........
0090   0x00 0x00 0x00 0x00 0x00 0x00 0x00 0x00    ........
0098   0x00 0x00 0x00 0x00 0x00 0x00 0x00 0x00    ........
00A0   0x00 0x00 0x00 0x00 0x00 0x00 0x00 0x00    ........
00A8   0x00 0x00 0x00 0x00 0x00 0x00 0x00 0x00    ........
00B0   0x00 0x00 0x00 0x00 0x00 0x00 0x00 0x00    ........
00B8   0x00 0x00 0x00 0x00 0x00 0x00 0x00 0x00    ........
00C0   0x00 0x00 0x00 0x00 0x00 0x00 0x00 0x00    ........
00C8   0x00 0x00 0x00 0x00 0x00 0xc5              ......
INFO:stick:quit send_force_read, found len: 206 expected 206 after 0 attempts
INFO:stick:readData validating remote raw[ack]: 02
INFO:stick:readData; foreign raw should be at least 14 bytes? 206 True
INFO:stick:readData; raw[retries] 0
INFO:stick:ReadRadio:size:206:eod:found eod (False)
INFO:stick:found packet len(192), link expects(192)
INFO:stick:PROCESS:END:15357.274:ReadRadio:size:206
INFO:stick:Stick transmit[TransmitPacket:ReadHistoryData:size[1024]:[page][0]:data[0]:] reader[ReadRadio:size:206] download_i[2] status[<LinkStatus:0x03:status:size=206:size(206)>] poll_size[206] poll_i[False] command[<ReadRadio:size:206>]:download(attempts[2],expect[206],results[320]:data[192]):adding segment
INFO:stick:Stick transmit[TransmitPacket:ReadHistoryData:size[1024]:[page][0]:data[0]:] reader[ReadRadio:size:206] download_i[2] status[<LinkStatus:0x03:status:size=206:size(206)>] poll_size[206] poll_i[False] command[<ReadRadio:size:206>]:download(attempts[2],expect[206],results[320]:data[192]):no eod, sleep .200 try again
DEBUG:stick:<Stick transmit[TransmitPacket:ReadHistoryData:size[1024]:[page][0]:data[0]:] reader[ReadRadio:size:206] download_i[2] status[<LinkStatus:0x03:status:size=206:size(206)>] poll_size[206] poll_i[False] command[<ReadRadio:size:206>]>:STARTING POLL PHASE:attempt:0
DEBUG:stick:<Stick transmit[TransmitPacket:ReadHistoryData:size[1024]:[page][0]:data[0]:] reader[ReadRadio:size:206] download_i[2] status[<LinkStatus:0x03:status:size=206:size(206)>] poll_size[0] poll_i[0] command[<ReadRadio:size:206>]>:poll:attempt:0
INFO:stick:PROCESS:START:15585.824:LinkStatus:0x03:status:size=64
INFO:stick:link Stick transmit[TransmitPacket:ReadHistoryData:size[1024]:[page][0]:data[0]:] reader[ReadRadio:size:206] download_i[2] status[<LinkStatus:0x03:status:size=206:size(206)>] poll_size[0] poll_i[0] command[<LinkStatus:0x03:status:size=64:size(64)>] processing LinkStatus:0x03:status:size=64)
INFO:stick:send_force_read: attempt 0/1 send command, read until we get something within some timeout
INFO:stick:link Stick transmit[TransmitPacket:ReadHistoryData:size[1024]:[page][0]:data[0]:] reader[ReadRadio:size:206] download_i[2] status[<LinkStatus:0x03:status:size=206:size(206)>] poll_size[0] poll_i[0] command[<LinkStatus:0x03:status:size=64:size(64)>] sending LinkStatus:0x03:status:size=64)
INFO:root:usb.write.len: 3
0000   0x03 0x00 0x00                             ...
DEBUG:stick:sleeping 0.001
INFO:root:usb.read.len: 64
INFO:root:usb.read.raw:
0000   0x01 0x55 0x00 0x00 0x02 0x01 0x00 0xce    .U......
0008   0x05 0x04 0x00 0x91 0xcc 0x0a 0x11 0x39    .......9
0010   0x0e 0x23 0xb6 0xef 0x6a 0x11 0x76 0x92    .#..j.v.
0018   0x11 0x00 0x00 0x00 0x00 0x00 0x00 0x00    ........
0020   0x00 0x00 0x00 0x00 0x00 0x00 0x00 0x00    ........
0028   0x00 0x00 0x00 0x00 0x00 0x00 0x00 0x00    ........
0030   0x00 0x00 0x00 0x00 0x00 0x00 0x00 0x00    ........
0038   0x00 0x00 0x00 0x00 0x00 0x00 0x00 0x00    ........
INFO:stick:quit send_force_read, found len: 64 expected 64 after 0 attempts
INFO:stick:LinkStatus:0x03:status:size=206

INFO:stick:finished processing LinkStatus:0x03:status:size=206, 206
INFO:stick:PROCESS:END:15652.764:LinkStatus:0x03:status:size=206
INFO:stick:Stick transmit[TransmitPacket:ReadHistoryData:size[1024]:[page][0]:data[0]:] reader[ReadRadio:size:206] download_i[2] status[<LinkStatus:0x03:status:size=206:size(206)>] poll_size[206] poll_i[0] command[<LinkStatus:0x03:status:size=206:size(206)>]:STOP POLL after 1 attempts:size:206
INFO:stick:Stick transmit[TransmitPacket:ReadHistoryData:size[1024]:[page][0]:data[0]:] reader[ReadRadio:size:206] download_i[3] status[<LinkStatus:0x03:status:size=206:size(206)>] poll_size[206] poll_i[False] command[<LinkStatus:0x03:status:size=206:size(206)>]:download(attempts[3],expect[206],results[320]:data[0]):proceed to download packet
INFO:stick:Stick transmit[TransmitPacket:ReadHistoryData:size[1024]:[page][0]:data[0]:] reader[ReadRadio:size:206] download_i[3] status[<LinkStatus:0x03:status:size=206:size(206)>] poll_size[206] poll_i[False] command[<LinkStatus:0x03:status:size=206:size(206)>]:download_packet:206
INFO:stick:PROCESS:START:15677.181:ReadRadio:size:206
INFO:stick:send_force_read: attempt 0/1 send command, read until we get something within some timeout
INFO:stick:link Stick transmit[TransmitPacket:ReadHistoryData:size[1024]:[page][0]:data[0]:] reader[ReadRadio:size:206] download_i[3] status[<LinkStatus:0x03:status:size=206:size(206)>] poll_size[206] poll_i[False] command[<ReadRadio:size:206>] sending ReadRadio:size:206)
INFO:root:usb.write.len: 5
0000   0x0c 0x00 0x00 0xce 0x9e                   .....
DEBUG:stick:sleeping 0.001
INFO:root:usb.read.len: 206
INFO:root:usb.read.raw:
0000   0x02 0x00 0x04 0x00 0xcf 0x00 0xc0 0xa7    ........
0008   0x01 0x78 0x25 0x91 0xcc 0x00 0x00 0x00    .x%.....
0010   0x00 0x00 0x00 0x00 0x00 0x00 0x00 0x00    ........
0018   0x00 0x00 0x00 0x00 0x00 0x00 0x00 0x00    ........
0020   0x00 0x00 0x00 0x00 0x00 0x00 0x00 0x00    ........
0028   0x00 0x00 0x00 0x00 0x00 0x00 0x00 0x00    ........
0030   0x00 0x00 0x00 0x00 0x00 0x00 0x00 0x00    ........
0038   0x00 0x00 0x00 0x00 0x00 0x00 0x00 0x00    ........
0040   0x00 0x00 0x00 0x00 0x00 0x00 0x00 0x00    ........
0048   0x00 0x00 0x00 0x00 0x00 0x00 0x00 0x00    ........
0050   0x00 0x00 0x00 0x00 0x00 0x00 0x00 0x00    ........
0058   0x00 0x00 0x00 0x00 0x00 0x00 0x00 0x00    ........
0060   0x00 0x00 0x00 0x00 0x00 0x00 0x00 0x00    ........
0068   0x00 0x00 0x00 0x00 0x00 0x00 0x00 0x00    ........
0070   0x00 0x00 0x00 0x00 0x00 0x00 0x00 0x00    ........
0078   0x00 0x00 0x00 0x00 0x00 0x00 0x00 0x00    ........
0080   0x00 0x00 0x00 0x00 0x00 0x00 0x00 0x00    ........
0088   0x00 0x00 0x00 0x00 0x00 0x00 0x00 0x00    ........
0090   0x00 0x00 0x00 0x00 0x00 0x00 0x00 0x00    ........
0098   0x00 0x00 0x00 0x00 0x00 0x00 0x00 0x00    ........
00A0   0x00 0x00 0x00 0x00 0x00 0x00 0x00 0x00    ........
00A8   0x00 0x00 0x00 0x00 0x00 0x00 0x00 0x00    ........
00B0   0x00 0x00 0x00 0x00 0x00 0x00 0x00 0x00    ........
00B8   0x00 0x00 0x00 0x00 0x00 0x00 0x00 0x00    ........
00C0   0x00 0x00 0x00 0x00 0x00 0x00 0x00 0x00    ........
00C8   0x00 0x00 0x00 0x00 0x00 0x00              ......
INFO:stick:quit send_force_read, found len: 206 expected 206 after 0 attempts
INFO:stick:readData validating remote raw[ack]: 02
INFO:stick:readData; foreign raw should be at least 14 bytes? 206 True
INFO:stick:readData; raw[retries] 0
INFO:stick:ReadRadio:size:206:eod:found eod (False)
INFO:stick:found packet len(192), link expects(192)
WARNING:stick:bad zero CRC?
INFO:stick:PROCESS:END:15778.14:ReadRadio:size:206
INFO:stick:Stick transmit[TransmitPacket:ReadHistoryData:size[1024]:[page][0]:data[0]:] reader[ReadRadio:size:206] download_i[3] status[<LinkStatus:0x03:status:size=206:size(206)>] poll_size[206] poll_i[False] command[<ReadRadio:size:206>]:download(attempts[3],expect[206],results[512]:data[192]):adding segment
INFO:stick:Stick transmit[TransmitPacket:ReadHistoryData:size[1024]:[page][0]:data[0]:] reader[ReadRadio:size:206] download_i[3] status[<LinkStatus:0x03:status:size=206:size(206)>] poll_size[206] poll_i[False] command[<ReadRadio:size:206>]:download(attempts[3],expect[206],results[512]:data[192]):no eod, sleep .200 try again
DEBUG:stick:<Stick transmit[TransmitPacket:ReadHistoryData:size[1024]:[page][0]:data[0]:] reader[ReadRadio:size:206] download_i[3] status[<LinkStatus:0x03:status:size=206:size(206)>] poll_size[206] poll_i[False] command[<ReadRadio:size:206>]>:STARTING POLL PHASE:attempt:0
DEBUG:stick:<Stick transmit[TransmitPacket:ReadHistoryData:size[1024]:[page][0]:data[0]:] reader[ReadRadio:size:206] download_i[3] status[<LinkStatus:0x03:status:size=206:size(206)>] poll_size[0] poll_i[0] command[<ReadRadio:size:206>]>:poll:attempt:0
INFO:stick:PROCESS:START:16007.34:LinkStatus:0x03:status:size=64
INFO:stick:link Stick transmit[TransmitPacket:ReadHistoryData:size[1024]:[page][0]:data[0]:] reader[ReadRadio:size:206] download_i[3] status[<LinkStatus:0x03:status:size=206:size(206)>] poll_size[0] poll_i[0] command[<LinkStatus:0x03:status:size=64:size(64)>] processing LinkStatus:0x03:status:size=64)
INFO:stick:send_force_read: attempt 0/1 send command, read until we get something within some timeout
INFO:stick:link Stick transmit[TransmitPacket:ReadHistoryData:size[1024]:[page][0]:data[0]:] reader[ReadRadio:size:206] download_i[3] status[<LinkStatus:0x03:status:size=206:size(206)>] poll_size[0] poll_i[0] command[<LinkStatus:0x03:status:size=64:size(64)>] sending LinkStatus:0x03:status:size=64)
INFO:root:usb.write.len: 3
0000   0x03 0x00 0x00                             ...
DEBUG:stick:sleeping 0.001
INFO:root:usb.read.len: 64
INFO:root:usb.read.raw:
0000   0x01 0x55 0x00 0x00 0x02 0x01 0x00 0xce    .U......
0008   0x05 0x04 0x00 0x91 0xcc 0x00 0x00 0x00    ........
0010   0x00 0x00 0x00 0x00 0x00 0x00 0x00 0x00    ........
0018   0x00 0x00 0x00 0x00 0x00 0x00 0x00 0x00    ........
0020   0x00 0x00 0x00 0x00 0x00 0x00 0x00 0x00    ........
0028   0x00 0x00 0x00 0x00 0x00 0x00 0x00 0x00    ........
0030   0x00 0x00 0x00 0x00 0x00 0x00 0x00 0x00    ........
0038   0x00 0x00 0x00 0x00 0x00 0x00 0x00 0x00    ........
INFO:stick:quit send_force_read, found len: 64 expected 64 after 0 attempts
INFO:stick:LinkStatus:0x03:status:size=206

INFO:stick:finished processing LinkStatus:0x03:status:size=206, 206
INFO:stick:PROCESS:END:16077.788:LinkStatus:0x03:status:size=206
INFO:stick:Stick transmit[TransmitPacket:ReadHistoryData:size[1024]:[page][0]:data[0]:] reader[ReadRadio:size:206] download_i[3] status[<LinkStatus:0x03:status:size=206:size(206)>] poll_size[206] poll_i[0] command[<LinkStatus:0x03:status:size=206:size(206)>]:STOP POLL after 1 attempts:size:206
INFO:stick:Stick transmit[TransmitPacket:ReadHistoryData:size[1024]:[page][0]:data[0]:] reader[ReadRadio:size:206] download_i[4] status[<LinkStatus:0x03:status:size=206:size(206)>] poll_size[206] poll_i[False] command[<LinkStatus:0x03:status:size=206:size(206)>]:download(attempts[4],expect[206],results[512]:data[0]):proceed to download packet
INFO:stick:Stick transmit[TransmitPacket:ReadHistoryData:size[1024]:[page][0]:data[0]:] reader[ReadRadio:size:206] download_i[4] status[<LinkStatus:0x03:status:size=206:size(206)>] poll_size[206] poll_i[False] command[<LinkStatus:0x03:status:size=206:size(206)>]:download_packet:206
INFO:stick:PROCESS:START:16104.372:ReadRadio:size:206
INFO:stick:send_force_read: attempt 0/1 send command, read until we get something within some timeout
INFO:stick:link Stick transmit[TransmitPacket:ReadHistoryData:size[1024]:[page][0]:data[0]:] reader[ReadRadio:size:206] download_i[4] status[<LinkStatus:0x03:status:size=206:size(206)>] poll_size[206] poll_i[False] command[<ReadRadio:size:206>] sending ReadRadio:size:206)
INFO:root:usb.write.len: 5
0000   0x0c 0x00 0x00 0xce 0x9e                   .....
DEBUG:stick:sleeping 0.001
INFO:root:usb.read.len: 206
INFO:root:usb.read.raw:
0000   0x02 0x00 0x04 0x00 0xcf 0x00 0xc0 0xa7    ........
0008   0x01 0x78 0x25 0x91 0xcc 0x00 0x00 0x00    .x%.....
0010   0x00 0x00 0x00 0x00 0x00 0x00 0x00 0x00    ........
0018   0x00 0x00 0x00 0x00 0x00 0x00 0x00 0x00    ........
0020   0x00 0x00 0x00 0x00 0x00 0x00 0x00 0x00    ........
0028   0x00 0x00 0x00 0x00 0x00 0x00 0x00 0x00    ........
0030   0x00 0x00 0x00 0x00 0x00 0x00 0x00 0x00    ........
0038   0x00 0x00 0x00 0x00 0x00 0x00 0x00 0x00    ........
0040   0x00 0x00 0x00 0x00 0x00 0x00 0x00 0x00    ........
0048   0x00 0x00 0x00 0x00 0x00 0x00 0x00 0x00    ........
0050   0x00 0x00 0x00 0x00 0x00 0x00 0x00 0x00    ........
0058   0x00 0x00 0x00 0x00 0x00 0x00 0x00 0x00    ........
0060   0x00 0x00 0x00 0x00 0x00 0x00 0x00 0x00    ........
0068   0x00 0x00 0x00 0x00 0x00 0x00 0x00 0x00    ........
0070   0x00 0x00 0x00 0x00 0x00 0x00 0x00 0x00    ........
0078   0x00 0x00 0x00 0x00 0x00 0x00 0x00 0x00    ........
0080   0x00 0x00 0x00 0x00 0x00 0x00 0x00 0x00    ........
0088   0x00 0x00 0x00 0x00 0x00 0x00 0x00 0x00    ........
0090   0x00 0x00 0x00 0x00 0x00 0x00 0x00 0x00    ........
0098   0x00 0x00 0x00 0x00 0x00 0x00 0x00 0x00    ........
00A0   0x00 0x00 0x00 0x00 0x00 0x00 0x00 0x00    ........
00A8   0x00 0x00 0x00 0x00 0x00 0x00 0x00 0x00    ........
00B0   0x00 0x00 0x00 0x00 0x00 0x00 0x00 0x00    ........
00B8   0x00 0x00 0x00 0x00 0x00 0x00 0x00 0x00    ........
00C0   0x00 0x00 0x00 0x00 0x00 0x00 0x00 0x00    ........
00C8   0x00 0x00 0x00 0x00 0x00 0x00              ......
INFO:stick:quit send_force_read, found len: 206 expected 206 after 0 attempts
INFO:stick:readData validating remote raw[ack]: 02
INFO:stick:readData; foreign raw should be at least 14 bytes? 206 True
INFO:stick:readData; raw[retries] 0
INFO:stick:ReadRadio:size:206:eod:found eod (False)
INFO:stick:found packet len(192), link expects(192)
WARNING:stick:bad zero CRC?
INFO:stick:PROCESS:END:16189.089:ReadRadio:size:206
INFO:stick:Stick transmit[TransmitPacket:ReadHistoryData:size[1024]:[page][0]:data[0]:] reader[ReadRadio:size:206] download_i[4] status[<LinkStatus:0x03:status:size=206:size(206)>] poll_size[206] poll_i[False] command[<ReadRadio:size:206>]:download(attempts[4],expect[206],results[704]:data[192]):adding segment
INFO:stick:Stick transmit[TransmitPacket:ReadHistoryData:size[1024]:[page][0]:data[0]:] reader[ReadRadio:size:206] download_i[4] status[<LinkStatus:0x03:status:size=206:size(206)>] poll_size[206] poll_i[False] command[<ReadRadio:size:206>]:download(attempts[4],expect[206],results[704]:data[192]):no eod, sleep .200 try again
DEBUG:stick:<Stick transmit[TransmitPacket:ReadHistoryData:size[1024]:[page][0]:data[0]:] reader[ReadRadio:size:206] download_i[4] status[<LinkStatus:0x03:status:size=206:size(206)>] poll_size[206] poll_i[False] command[<ReadRadio:size:206>]>:STARTING POLL PHASE:attempt:0
DEBUG:stick:<Stick transmit[TransmitPacket:ReadHistoryData:size[1024]:[page][0]:data[0]:] reader[ReadRadio:size:206] download_i[4] status[<LinkStatus:0x03:status:size=206:size(206)>] poll_size[0] poll_i[0] command[<ReadRadio:size:206>]>:poll:attempt:0
INFO:stick:PROCESS:START:16417.719:LinkStatus:0x03:status:size=64
INFO:stick:link Stick transmit[TransmitPacket:ReadHistoryData:size[1024]:[page][0]:data[0]:] reader[ReadRadio:size:206] download_i[4] status[<LinkStatus:0x03:status:size=206:size(206)>] poll_size[0] poll_i[0] command[<LinkStatus:0x03:status:size=64:size(64)>] processing LinkStatus:0x03:status:size=64)
INFO:stick:send_force_read: attempt 0/1 send command, read until we get something within some timeout
INFO:stick:link Stick transmit[TransmitPacket:ReadHistoryData:size[1024]:[page][0]:data[0]:] reader[ReadRadio:size:206] download_i[4] status[<LinkStatus:0x03:status:size=206:size(206)>] poll_size[0] poll_i[0] command[<LinkStatus:0x03:status:size=64:size(64)>] sending LinkStatus:0x03:status:size=64)
INFO:root:usb.write.len: 3
0000   0x03 0x00 0x00                             ...
DEBUG:stick:sleeping 0.001
INFO:root:usb.read.len: 64
INFO:root:usb.read.raw:
0000   0x01 0x55 0x00 0x00 0x02 0x01 0x00 0xce    .U......
0008   0x05 0x04 0x00 0x91 0xcc 0x00 0x00 0x00    ........
0010   0x00 0x00 0x00 0x00 0x00 0x00 0x00 0x00    ........
0018   0x00 0x00 0x00 0x00 0x00 0x00 0x00 0x00    ........
0020   0x00 0x00 0x00 0x00 0x00 0x00 0x00 0x00    ........
0028   0x00 0x00 0x00 0x00 0x00 0x00 0x00 0x00    ........
0030   0x00 0x00 0x00 0x00 0x00 0x00 0x00 0x00    ........
0038   0x00 0x00 0x00 0x00 0x00 0x00 0x00 0x00    ........
INFO:stick:quit send_force_read, found len: 64 expected 64 after 0 attempts
INFO:stick:LinkStatus:0x03:status:size=206

INFO:stick:finished processing LinkStatus:0x03:status:size=206, 206
INFO:stick:PROCESS:END:16481.727:LinkStatus:0x03:status:size=206
INFO:stick:Stick transmit[TransmitPacket:ReadHistoryData:size[1024]:[page][0]:data[0]:] reader[ReadRadio:size:206] download_i[4] status[<LinkStatus:0x03:status:size=206:size(206)>] poll_size[206] poll_i[0] command[<LinkStatus:0x03:status:size=206:size(206)>]:STOP POLL after 1 attempts:size:206
INFO:stick:Stick transmit[TransmitPacket:ReadHistoryData:size[1024]:[page][0]:data[0]:] reader[ReadRadio:size:206] download_i[5] status[<LinkStatus:0x03:status:size=206:size(206)>] poll_size[206] poll_i[False] command[<LinkStatus:0x03:status:size=206:size(206)>]:download(attempts[5],expect[206],results[704]:data[0]):proceed to download packet
INFO:stick:Stick transmit[TransmitPacket:ReadHistoryData:size[1024]:[page][0]:data[0]:] reader[ReadRadio:size:206] download_i[5] status[<LinkStatus:0x03:status:size=206:size(206)>] poll_size[206] poll_i[False] command[<LinkStatus:0x03:status:size=206:size(206)>]:download_packet:206
INFO:stick:PROCESS:START:16506.258:ReadRadio:size:206
INFO:stick:send_force_read: attempt 0/1 send command, read until we get something within some timeout
INFO:stick:link Stick transmit[TransmitPacket:ReadHistoryData:size[1024]:[page][0]:data[0]:] reader[ReadRadio:size:206] download_i[5] status[<LinkStatus:0x03:status:size=206:size(206)>] poll_size[206] poll_i[False] command[<ReadRadio:size:206>] sending ReadRadio:size:206)
INFO:root:usb.write.len: 5
0000   0x0c 0x00 0x00 0xce 0x9e                   .....
DEBUG:stick:sleeping 0.001
INFO:root:usb.read.len: 206
INFO:root:usb.read.raw:
0000   0x02 0x00 0x04 0x00 0xd0 0x00 0xc0 0xa7    ........
0008   0x01 0x78 0x25 0x91 0x52 0x00 0x00 0x00    .x%.R...
0010   0x00 0x00 0x00 0x00 0x00 0x00 0x00 0x00    ........
0018   0x00 0x00 0x00 0x00 0x00 0x00 0x00 0x00    ........
0020   0x00 0x00 0x00 0x00 0x00 0x00 0x00 0x00    ........
0028   0x00 0x00 0x00 0x00 0x00 0x00 0x00 0x00    ........
0030   0x00 0x00 0x00 0x00 0x00 0x00 0x00 0x00    ........
0038   0x00 0x00 0x00 0x00 0x00 0x00 0x00 0x00    ........
0040   0x00 0x00 0x00 0x00 0x00 0x00 0x00 0x00    ........
0048   0x00 0x00 0x00 0x00 0x00 0x00 0x00 0x00    ........
0050   0x00 0x00 0x00 0x00 0x00 0x00 0x00 0x00    ........
0058   0x00 0x00 0x00 0x00 0x00 0x00 0x00 0x00    ........
0060   0x00 0x00 0x00 0x00 0x00 0x00 0x00 0x00    ........
0068   0x00 0x00 0x00 0x00 0x00 0x00 0x00 0x00    ........
0070   0x00 0x00 0x00 0x00 0x00 0x00 0x00 0x00    ........
0078   0x00 0x00 0x00 0x00 0x00 0x00 0x00 0x00    ........
0080   0x00 0x00 0x00 0x00 0x00 0x00 0x00 0x00    ........
0088   0x00 0x00 0x00 0x00 0x00 0x00 0x00 0x00    ........
0090   0x00 0x00 0x00 0x00 0x00 0x00 0x00 0x00    ........
0098   0x00 0x00 0x00 0x00 0x00 0x00 0x00 0x00    ........
00A0   0x00 0x00 0x00 0x00 0x00 0x00 0x00 0x00    ........
00A8   0x00 0x00 0x00 0x00 0x00 0x00 0x00 0x00    ........
00B0   0x00 0x00 0x00 0x00 0x00 0x00 0x00 0x00    ........
00B8   0x00 0x00 0x00 0x00 0x00 0x00 0x00 0x00    ........
00C0   0x00 0x00 0x00 0x00 0x00 0x00 0x00 0x00    ........
00C8   0x00 0x00 0x00 0x00 0x00 0x00              ......
INFO:stick:quit send_force_read, found len: 206 expected 206 after 0 attempts
INFO:stick:readData validating remote raw[ack]: 02
INFO:stick:readData; foreign raw should be at least 14 bytes? 206 True
INFO:stick:readData; raw[retries] 0
INFO:stick:ReadRadio:size:206:eod:found eod (False)
INFO:stick:found packet len(192), link expects(192)
WARNING:stick:bad zero CRC?
INFO:stick:PROCESS:END:16606.699:ReadRadio:size:206
INFO:stick:Stick transmit[TransmitPacket:ReadHistoryData:size[1024]:[page][0]:data[0]:] reader[ReadRadio:size:206] download_i[5] status[<LinkStatus:0x03:status:size=206:size(206)>] poll_size[206] poll_i[False] command[<ReadRadio:size:206>]:download(attempts[5],expect[206],results[896]:data[192]):adding segment
INFO:stick:Stick transmit[TransmitPacket:ReadHistoryData:size[1024]:[page][0]:data[0]:] reader[ReadRadio:size:206] download_i[5] status[<LinkStatus:0x03:status:size=206:size(206)>] poll_size[206] poll_i[False] command[<ReadRadio:size:206>]:download(attempts[5],expect[206],results[896]:data[192]):no eod, sleep .200 try again
DEBUG:stick:<Stick transmit[TransmitPacket:ReadHistoryData:size[1024]:[page][0]:data[0]:] reader[ReadRadio:size:206] download_i[5] status[<LinkStatus:0x03:status:size=206:size(206)>] poll_size[206] poll_i[False] command[<ReadRadio:size:206>]>:STARTING POLL PHASE:attempt:0
DEBUG:stick:<Stick transmit[TransmitPacket:ReadHistoryData:size[1024]:[page][0]:data[0]:] reader[ReadRadio:size:206] download_i[5] status[<LinkStatus:0x03:status:size=206:size(206)>] poll_size[0] poll_i[0] command[<ReadRadio:size:206>]>:poll:attempt:0
INFO:stick:PROCESS:START:16834.309:LinkStatus:0x03:status:size=64
INFO:stick:link Stick transmit[TransmitPacket:ReadHistoryData:size[1024]:[page][0]:data[0]:] reader[ReadRadio:size:206] download_i[5] status[<LinkStatus:0x03:status:size=206:size(206)>] poll_size[0] poll_i[0] command[<LinkStatus:0x03:status:size=64:size(64)>] processing LinkStatus:0x03:status:size=64)
INFO:stick:send_force_read: attempt 0/1 send command, read until we get something within some timeout
INFO:stick:link Stick transmit[TransmitPacket:ReadHistoryData:size[1024]:[page][0]:data[0]:] reader[ReadRadio:size:206] download_i[5] status[<LinkStatus:0x03:status:size=206:size(206)>] poll_size[0] poll_i[0] command[<LinkStatus:0x03:status:size=64:size(64)>] sending LinkStatus:0x03:status:size=64)
INFO:root:usb.write.len: 3
0000   0x03 0x00 0x00                             ...
DEBUG:stick:sleeping 0.001
INFO:root:usb.read.len: 64
INFO:root:usb.read.raw:
0000   0x01 0x55 0x00 0x00 0x02 0x01 0x00 0x8e    .U......
0008   0x05 0x04 0x00 0x91 0x52 0x00 0x00 0x00    ....R...
0010   0x00 0x00 0x00 0x00 0x00 0x00 0x00 0x00    ........
0018   0x00 0x00 0x00 0x00 0x00 0x00 0x00 0x00    ........
0020   0x00 0x00 0x00 0x00 0x00 0x00 0x00 0x00    ........
0028   0x00 0x00 0x00 0x00 0x00 0x00 0x00 0x00    ........
0030   0x00 0x00 0x00 0x00 0x00 0x00 0x00 0x00    ........
0038   0x00 0x00 0x00 0x00 0x00 0x00 0x00 0x00    ........
INFO:stick:quit send_force_read, found len: 64 expected 64 after 0 attempts
INFO:stick:LinkStatus:0x03:status:size=142

INFO:stick:finished processing LinkStatus:0x03:status:size=142, 142
INFO:stick:PROCESS:END:16904.311:LinkStatus:0x03:status:size=142
INFO:stick:Stick transmit[TransmitPacket:ReadHistoryData:size[1024]:[page][0]:data[0]:] reader[ReadRadio:size:206] download_i[5] status[<LinkStatus:0x03:status:size=142:size(142)>] poll_size[142] poll_i[0] command[<LinkStatus:0x03:status:size=142:size(142)>]:STOP POLL after 1 attempts:size:142
INFO:stick:Stick transmit[TransmitPacket:ReadHistoryData:size[1024]:[page][0]:data[0]:] reader[ReadRadio:size:206] download_i[6] status[<LinkStatus:0x03:status:size=142:size(142)>] poll_size[142] poll_i[False] command[<LinkStatus:0x03:status:size=142:size(142)>]:download(attempts[6],expect[142],results[896]:data[0]):proceed to download packet
INFO:stick:Stick transmit[TransmitPacket:ReadHistoryData:size[1024]:[page][0]:data[0]:] reader[ReadRadio:size:206] download_i[6] status[<LinkStatus:0x03:status:size=142:size(142)>] poll_size[142] poll_i[False] command[<LinkStatus:0x03:status:size=142:size(142)>]:download_packet:142
INFO:stick:PROCESS:START:16928.101:ReadRadio:size:142
INFO:stick:send_force_read: attempt 0/1 send command, read until we get something within some timeout
INFO:stick:link Stick transmit[TransmitPacket:ReadHistoryData:size[1024]:[page][0]:data[0]:] reader[ReadRadio:size:142] download_i[6] status[<LinkStatus:0x03:status:size=142:size(142)>] poll_size[142] poll_i[False] command[<ReadRadio:size:142>] sending ReadRadio:size:142)
INFO:root:usb.write.len: 5
0000   0x0c 0x00 0x00 0x8e 0x56                   ....V
DEBUG:stick:sleeping 0.001
INFO:root:usb.read.len: 142
INFO:root:usb.read.raw:
0000   0x02 0x00 0x04 0x00 0xcf 0x80 0x80 0xa7    ........
0008   0x01 0x78 0x25 0x91 0xb7 0x00 0x00 0x00    .x%.....
0010   0x00 0x00 0x00 0x00 0x00 0x00 0x00 0x00    ........
0018   0x00 0x00 0x00 0x00 0x00 0x00 0x00 0x00    ........
0020   0x00 0x00 0x00 0x00 0x00 0x00 0x00 0x00    ........
0028   0x00 0x00 0x00 0x00 0x00 0x00 0x00 0x00    ........
0030   0x00 0x00 0x00 0x00 0x00 0x00 0x00 0x00    ........
0038   0x00 0x00 0x00 0x00 0x00 0x00 0x00 0x00    ........
0040   0x00 0x00 0x00 0x00 0x00 0x00 0x00 0x00    ........
0048   0x00 0x00 0x00 0x00 0x00 0x00 0x00 0x00    ........
0050   0x00 0x00 0x00 0x00 0x00 0x00 0x00 0x00    ........
0058   0x00 0x00 0x00 0x00 0x00 0x00 0x00 0x00    ........
0060   0x00 0x00 0x00 0x00 0x00 0x00 0x00 0x00    ........
0068   0x00 0x00 0x00 0x00 0x00 0x00 0x00 0x00    ........
0070   0x00 0x00 0x00 0x00 0x00 0x00 0x00 0x00    ........
0078   0x00 0x00 0x00 0x00 0x00 0x00 0x00 0x00    ........
0080   0x00 0x00 0x00 0x00 0x00 0x00 0x00 0x00    ........
0088   0x00 0x00 0x00 0x50 0x31 0xec              ...P1.
INFO:stick:quit send_force_read, found len: 142 expected 142 after 0 attempts
INFO:stick:readData validating remote raw[ack]: 02
INFO:stick:readData; foreign raw should be at least 14 bytes? 142 True
INFO:stick:readData; raw[retries] 0
INFO:stick:ReadRadio:size:142:eod:found eod (True)
INFO:stick:found packet len(128), link expects(128)
INFO:stick:PROCESS:END:17013.41:ReadRadio:size:142
INFO:stick:Stick transmit[TransmitPacket:ReadHistoryData:size[1024]:[page][0]:data[0]:] reader[ReadRadio:size:142] download_i[6] status[<LinkStatus:0x03:status:size=142:size(142)>] poll_size[142] poll_i[False] command[<ReadRadio:size:142>]:download(attempts[6],expect[142],results[1024]:data[128]):adding segment
INFO:stick:Stick transmit[TransmitPacket:ReadHistoryData:size[1024]:[page][0]:data[0]:] reader[ReadRadio:size:142] download_i[6] status[<LinkStatus:0x03:status:size=142:size(142)>] poll_size[142] poll_i[False] command[<ReadRadio:size:142>]:download(attempts[6],expect[142],results[1024]:data[128]):DONE
INFO:commands:ReadHistoryData:size[1024]:[page][0]:data[0]: extending original 0 with found 1024
INFO:commands:ReadHistoryData:size[1024]:[page][0]:data[0]: download respond replace original 0 with found 1024
INFO:__main__:finished executing:ReadHistoryData:size[1024]:[page][0]:data[1024]:
INFO:commands:ReadHistoryData:size[1024]:[page][0]:data[1024]::download:done size check found[1024] expected[1024]:CRC ACK check found[49] expected[223]:and has eod set? False
INFO:__main__:comm:READ history data page!!!:
0000   0x16 0x00 0x2d 0xae 0x0c 0x4a 0x11 0x33    ..-..J.3
0008   0x00 0x31 0xae 0x0c 0x4a 0x11 0x00 0x16    .1..J...
0010   0x00 0x31 0xae 0x0c 0x4a 0x11 0x33 0x00    .1..J.3.
0018   0x34 0xae 0x0c 0x4a 0x11 0x00 0x16 0x00    4..J....
0020   0x34 0xae 0x0c 0x4a 0x11 0x33 0x00 0x38    4..J.3.8
0028   0xae 0x0c 0x4a 0x11 0x00 0x16 0x00 0x38    ..J....8
0030   0xae 0x0c 0x4a 0x11 0x33 0x00 0x00 0xaf    ..J.3...
0038   0x0c 0x4a 0x11 0x00 0x16 0x00 0x00 0xaf    .J......
0040   0x0c 0x4a 0x11 0x33 0x00 0x04 0xaf 0x0c    .J.3....
0048   0x4a 0x11 0x00 0x16 0x00 0x04 0xaf 0x0c    J.......
0050   0x4a 0x11 0x33 0x00 0x07 0xaf 0x0c 0x4a    J.3....J
0058   0x11 0x00 0x16 0x00 0x07 0xaf 0x0c 0x4a    .......J
0060   0x11 0x33 0x00 0x0b 0xaf 0x0c 0x4a 0x11    .3....J.
0068   0x00 0x16 0x00 0x0b 0xaf 0x0c 0x4a 0x11    ......J.
0070   0x01 0x0a 0x0a 0x00 0x05 0x8b 0x4d 0x0a    ......M.
0078   0x11 0x01 0x28 0x28 0x00 0x0d 0x96 0x4d    ..((...M
0080   0x0a 0x11 0x39 0x0e 0x23 0xb6 0xef 0x6a    ..9.#..j
0088   0x11 0x76 0x92 0x11 0x00 0x00 0x00 0x00    .v......
0090   0x00 0x00 0x00 0x00 0x00 0x00 0x00 0x00    ........
0098   0x00 0x00 0x00 0x00 0x00 0x00 0x00 0x00    ........
00A0   0x00 0x00 0x00 0x00 0x00 0x00 0x00 0x00    ........
00A8   0x00 0x00 0x00 0x00 0x00 0x00 0x00 0x00    ........
00B0   0x00 0x00 0x00 0x00 0x00 0x00 0x00 0x00    ........
00B8   0x00 0x00 0x00 0x00 0x00 0x00 0x00 0x00    ........
00C0   0x00 0x00 0x00 0x00 0x00 0x00 0x00 0x00    ........
00C8   0x00 0x00 0x00 0x00 0x00 0x00 0x00 0x00    ........
00D0   0x00 0x00 0x00 0x00 0x00 0x00 0x00 0x00    ........
00D8   0x00 0x00 0x00 0x00 0x00 0x00 0x00 0x00    ........
00E0   0x00 0x00 0x00 0x00 0x00 0x00 0x00 0x00    ........
00E8   0x00 0x00 0x00 0x00 0x00 0x00 0x00 0x00    ........
00F0   0x00 0x00 0x00 0x00 0x00 0x00 0x00 0x00    ........
00F8   0x00 0x00 0x00 0x00 0x00 0x00 0x00 0x00    ........
0100   0x00 0x00 0x00 0x00 0x00 0x00 0x00 0x00    ........
0108   0x00 0x00 0x00 0x00 0x00 0x00 0x00 0x00    ........
0110   0x00 0x00 0x00 0x00 0x00 0x00 0x00 0x00    ........
0118   0x00 0x00 0x00 0x00 0x00 0x00 0x00 0x00    ........
0120   0x00 0x00 0x00 0x00 0x00 0x00 0x00 0x00    ........
0128   0x00 0x00 0x00 0x00 0x00 0x00 0x00 0x00    ........
0130   0x00 0x00 0x00 0x00 0x00 0x00 0x00 0x00    ........
0138   0x00 0x00 0x00 0x00 0x00 0x00 0x00 0x00    ........
0140   0x00 0x00 0x00 0x00 0x00 0x00 0x00 0x00    ........
0148   0x00 0x00 0x00 0x00 0x00 0x00 0x00 0x00    ........
0150   0x00 0x00 0x00 0x00 0x00 0x00 0x00 0x00    ........
0158   0x00 0x00 0x00 0x00 0x00 0x00 0x00 0x00    ........
0160   0x00 0x00 0x00 0x00 0x00 0x00 0x00 0x00    ........
0168   0x00 0x00 0x00 0x00 0x00 0x00 0x00 0x00    ........
0170   0x00 0x00 0x00 0x00 0x00 0x00 0x00 0x00    ........
0178   0x00 0x00 0x00 0x00 0x00 0x00 0x00 0x00    ........
0180   0x00 0x00 0x00 0x00 0x00 0x00 0x00 0x00    ........
0188   0x00 0x00 0x00 0x00 0x00 0x00 0x00 0x00    ........
0190   0x00 0x00 0x00 0x00 0x00 0x00 0x00 0x00    ........
0198   0x00 0x00 0x00 0x00 0x00 0x00 0x00 0x00    ........
01A0   0x00 0x00 0x00 0x00 0x00 0x00 0x00 0x00    ........
01A8   0x00 0x00 0x00 0x00 0x00 0x00 0x00 0x00    ........
01B0   0x00 0x00 0x00 0x00 0x00 0x00 0x00 0x00    ........
01B8   0x00 0x00 0x00 0x00 0x00 0x00 0x00 0x00    ........
01C0   0x00 0x00 0x00 0x00 0x00 0x00 0x00 0x00    ........
01C8   0x00 0x00 0x00 0x00 0x00 0x00 0x00 0x00    ........
01D0   0x00 0x00 0x00 0x00 0x00 0x00 0x00 0x00    ........
01D8   0x00 0x00 0x00 0x00 0x00 0x00 0x00 0x00    ........
01E0   0x00 0x00 0x00 0x00 0x00 0x00 0x00 0x00    ........
01E8   0x00 0x00 0x00 0x00 0x00 0x00 0x00 0x00    ........
01F0   0x00 0x00 0x00 0x00 0x00 0x00 0x00 0x00    ........
01F8   0x00 0x00 0x00 0x00 0x00 0x00 0x00 0x00    ........
0200   0x00 0x00 0x00 0x00 0x00 0x00 0x00 0x00    ........
0208   0x00 0x00 0x00 0x00 0x00 0x00 0x00 0x00    ........
0210   0x00 0x00 0x00 0x00 0x00 0x00 0x00 0x00    ........
0218   0x00 0x00 0x00 0x00 0x00 0x00 0x00 0x00    ........
0220   0x00 0x00 0x00 0x00 0x00 0x00 0x00 0x00    ........
0228   0x00 0x00 0x00 0x00 0x00 0x00 0x00 0x00    ........
0230   0x00 0x00 0x00 0x00 0x00 0x00 0x00 0x00    ........
0238   0x00 0x00 0x00 0x00 0x00 0x00 0x00 0x00    ........
0240   0x00 0x00 0x00 0x00 0x00 0x00 0x00 0x00    ........
0248   0x00 0x00 0x00 0x00 0x00 0x00 0x00 0x00    ........
0250   0x00 0x00 0x00 0x00 0x00 0x00 0x00 0x00    ........
0258   0x00 0x00 0x00 0x00 0x00 0x00 0x00 0x00    ........
0260   0x00 0x00 0x00 0x00 0x00 0x00 0x00 0x00    ........
0268   0x00 0x00 0x00 0x00 0x00 0x00 0x00 0x00    ........
0270   0x00 0x00 0x00 0x00 0x00 0x00 0x00 0x00    ........
0278   0x00 0x00 0x00 0x00 0x00 0x00 0x00 0x00    ........
0280   0x00 0x00 0x00 0x00 0x00 0x00 0x00 0x00    ........
0288   0x00 0x00 0x00 0x00 0x00 0x00 0x00 0x00    ........
0290   0x00 0x00 0x00 0x00 0x00 0x00 0x00 0x00    ........
0298   0x00 0x00 0x00 0x00 0x00 0x00 0x00 0x00    ........
02A0   0x00 0x00 0x00 0x00 0x00 0x00 0x00 0x00    ........
02A8   0x00 0x00 0x00 0x00 0x00 0x00 0x00 0x00    ........
02B0   0x00 0x00 0x00 0x00 0x00 0x00 0x00 0x00    ........
02B8   0x00 0x00 0x00 0x00 0x00 0x00 0x00 0x00    ........
02C0   0x00 0x00 0x00 0x00 0x00 0x00 0x00 0x00    ........
02C8   0x00 0x00 0x00 0x00 0x00 0x00 0x00 0x00    ........
02D0   0x00 0x00 0x00 0x00 0x00 0x00 0x00 0x00    ........
02D8   0x00 0x00 0x00 0x00 0x00 0x00 0x00 0x00    ........
02E0   0x00 0x00 0x00 0x00 0x00 0x00 0x00 0x00    ........
02E8   0x00 0x00 0x00 0x00 0x00 0x00 0x00 0x00    ........
02F0   0x00 0x00 0x00 0x00 0x00 0x00 0x00 0x00    ........
02F8   0x00 0x00 0x00 0x00 0x00 0x00 0x00 0x00    ........
0300   0x00 0x00 0x00 0x00 0x00 0x00 0x00 0x00    ........
0308   0x00 0x00 0x00 0x00 0x00 0x00 0x00 0x00    ........
0310   0x00 0x00 0x00 0x00 0x00 0x00 0x00 0x00    ........
0318   0x00 0x00 0x00 0x00 0x00 0x00 0x00 0x00    ........
0320   0x00 0x00 0x00 0x00 0x00 0x00 0x00 0x00    ........
0328   0x00 0x00 0x00 0x00 0x00 0x00 0x00 0x00    ........
0330   0x00 0x00 0x00 0x00 0x00 0x00 0x00 0x00    ........
0338   0x00 0x00 0x00 0x00 0x00 0x00 0x00 0x00    ........
0340   0x00 0x00 0x00 0x00 0x00 0x00 0x00 0x00    ........
0348   0x00 0x00 0x00 0x00 0x00 0x00 0x00 0x00    ........
0350   0x00 0x00 0x00 0x00 0x00 0x00 0x00 0x00    ........
0358   0x00 0x00 0x00 0x00 0x00 0x00 0x00 0x00    ........
0360   0x00 0x00 0x00 0x00 0x00 0x00 0x00 0x00    ........
0368   0x00 0x00 0x00 0x00 0x00 0x00 0x00 0x00    ........
0370   0x00 0x00 0x00 0x00 0x00 0x00 0x00 0x00    ........
0378   0x00 0x00 0x00 0x00 0x00 0x00 0x00 0x00    ........
0380   0x00 0x00 0x00 0x00 0x00 0x00 0x00 0x00    ........
0388   0x00 0x00 0x00 0x00 0x00 0x00 0x00 0x00    ........
0390   0x00 0x00 0x00 0x00 0x00 0x00 0x00 0x00    ........
0398   0x00 0x00 0x00 0x00 0x00 0x00 0x00 0x00    ........
03A0   0x00 0x00 0x00 0x00 0x00 0x00 0x00 0x00    ........
03A8   0x00 0x00 0x00 0x00 0x00 0x00 0x00 0x00    ........
03B0   0x00 0x00 0x00 0x00 0x00 0x00 0x00 0x00    ........
03B8   0x00 0x00 0x00 0x00 0x00 0x00 0x00 0x00    ........
03C0   0x00 0x00 0x00 0x00 0x00 0x00 0x00 0x00    ........
03C8   0x00 0x00 0x00 0x00 0x00 0x00 0x00 0x00    ........
03D0   0x00 0x00 0x00 0x00 0x00 0x00 0x00 0x00    ........
03D8   0x00 0x00 0x00 0x00 0x00 0x00 0x00 0x00    ........
03E0   0x00 0x00 0x00 0x00 0x00 0x00 0x00 0x00    ........
03E8   0x00 0x00 0x00 0x00 0x00 0x00 0x00 0x00    ........
03F0   0x00 0x00 0x00 0x00 0x00 0x00 0x00 0x00    ........
03F8   0x00 0x00 0x00 0x00 0x00 0x00 0x50 0x31    ......P1
INFO:__main__:PUMP READ PAGE 0: None
INFO:stick:PROCESS:START:17131.876:UsbStats:0x05 0x01
INFO:stick:link Stick transmit[TransmitPacket:ReadHistoryData:size[1024]:[page][0]:data[1024]:] reader[ReadRadio:size:142] download_i[False] status[<LinkStatus:0x03:status:size=142:size(142)>] poll_size[142] poll_i[False] command[<UsbStats:0x05 0x01:size(64)>] processing UsbStats:0x05 0x01)
INFO:stick:send_force_read: attempt 0/1 send command, read until we get something within some timeout
INFO:stick:link Stick transmit[TransmitPacket:ReadHistoryData:size[1024]:[page][0]:data[1024]:] reader[ReadRadio:size:142] download_i[False] status[<LinkStatus:0x03:status:size=142:size(142)>] poll_size[142] poll_i[False] command[<UsbStats:0x05 0x01:size(64)>] sending UsbStats:0x05 0x01)
INFO:root:usb.write.len: 3
0000   0x05 0x01 0x00                             ...
DEBUG:stick:sleeping 0.001
INFO:root:usb.read.len: 64
INFO:root:usb.read.raw:
0000   0x01 0x55 0x00 0x00 0x00 0x00 0x00 0x00    .U......
0008   0x00 0x00 0x2f 0x00 0x00 0x00 0x2f 0x00    ../.../.
0010   0x30 0x00 0x59 0x00 0x2f 0x04 0x00 0x00    0.Y./...
0018   0x05 0x00 0x00 0x00 0x00 0x00 0x00 0x00    ........
0020   0x00 0x00 0x00 0x00 0x00 0x00 0x00 0x00    ........
0028   0x00 0x00 0x00 0x00 0x00 0x00 0x00 0x00    ........
0030   0x00 0x00 0x00 0x00 0x00 0x00 0x00 0x00    ........
0038   0x00 0x00 0x00 0x00 0x00 0x00 0x00 0x00    ........
INFO:stick:quit send_force_read, found len: 64 expected 64 after 0 attempts
INFO:stick:finished processing UsbStats:0x05 0x01, {'errors.timeouts': 0, 'packets.transmit': 47L, 'errors.naks': 0, 'errors.sequence': 0, 'packets.received': 47L, 'errors.crc': 0}
INFO:stick:PROCESS:END:17199.746:UsbStats:0x05 0x01
INFO:stick:PROCESS:START:17204.378:RadioStats:0x05 0x00
INFO:stick:link Stick transmit[TransmitPacket:ReadHistoryData:size[1024]:[page][0]:data[1024]:] reader[ReadRadio:size:142] download_i[False] status[<LinkStatus:0x03:status:size=142:size(142)>] poll_size[142] poll_i[False] command[<RadioStats:0x05 0x00:size(64)>] processing RadioStats:0x05 0x00)
INFO:stick:send_force_read: attempt 0/1 send command, read until we get something within some timeout
INFO:stick:link Stick transmit[TransmitPacket:ReadHistoryData:size[1024]:[page][0]:data[1024]:] reader[ReadRadio:size:142] download_i[False] status[<LinkStatus:0x03:status:size=142:size(142)>] poll_size[142] poll_i[False] command[<RadioStats:0x05 0x00:size(64)>] sending RadioStats:0x05 0x00)
INFO:root:usb.write.len: 3
0000   0x05 0x00 0x00                             ...
DEBUG:stick:sleeping 0.001
INFO:root:usb.read.len: 64
INFO:root:usb.read.raw:
0000   0x01 0x55 0x00 0x00 0x00 0x00 0x00 0x00    .U......
0008   0x00 0x00 0x14 0x00 0x00 0x00 0x15 0x00    ........
0010   0x00 0x00 0x03 0x00 0x03 0x00 0x10 0x00    ........
0018   0x11 0x00 0x02 0x00 0x00 0x00 0x00 0x00    ........
0020   0x00 0x01 0x00 0x9d 0x00 0x00 0x00 0x00    ........
0028   0x00 0x00 0x00 0x00 0x00 0x00 0x00 0x00    ........
0030   0x00 0x00 0x00 0x00 0x00 0x00 0x00 0x00    ........
0038   0x00 0x00 0x00 0x00 0x00 0x00 0x00 0x00    ........
INFO:stick:quit send_force_read, found len: 64 expected 64 after 0 attempts
INFO:stick:finished processing RadioStats:0x05 0x00, {'errors.timeouts': 0, 'packets.transmit': 21L, 'errors.naks': 0, 'errors.sequence': 0, 'packets.received': 20L, 'errors.crc': 0}
INFO:stick:PROCESS:END:17267.501:RadioStats:0x05 0x00
INFO:__main__:{'radio': {'errors.crc': 0,
           'errors.naks': 0,
           'errors.sequence': 0,
           'errors.timeouts': 0,
           'packets.received': 20L,
           'packets.transmit': 21L},
 'usb': {'errors.crc': 0,
         'errors.naks': 0,
         'errors.sequence': 0,
         'errors.timeouts': 0,
         'packets.received': 47L,
         'packets.transmit': 47L}}
INFO:__main__:howdy! all done looking at pump
python decocare/session.py /dev/ttyUSB.Carelink0 782591
	elapsed 0:19.47
	user 3.12
	system 0.39
	CPU 18% (0text+0data 11512max)k
