INFO:__main__:howdy! I'm going to take a look at your carelink usb stick.
INFO:link:Link opened serial port: Serial<id=0xb671e210, open=True>(port='/dev/ttyUSB.Carelink0', baudrate=9600, bytesize=8, parity='N', stopbits=1, timeout=0.5, xonxoff=False, rtscts=True, dsrdtr=True)
INFO:__main__:PROCESS:OPEN:0.288
INFO:__main__:PROCESS:START:4.518:ProductInfo:0x04
INFO:__main__:link Stick transmit[None] reader[None] download_i[False] status[None] poll_size[None] poll_i[None] command[<ProductInfo:0x04:size(64)>] processing ProductInfo:0x04)
INFO:__main__:send_force_read: attempt 0/1 send command, read until we get something within some timeout
INFO:__main__:link Stick transmit[None] reader[None] download_i[False] status[None] poll_size[None] poll_i[None] command[<ProductInfo:0x04:size(64)>] sending ProductInfo:0x04)
INFO:root:usb.write.len: 3
0000   0x04 0x00 0x00                             ...
DEBUG:__main__:sleeping 0.001
INFO:root:usb.read.len: 64
INFO:root:usb.read.raw:
0000   0x01 0x55 0x00 0x0d 0x27 0x00 0x00 0x00    .U..'...
0008   0x01 0x43 0x6f 0x6d 0x4c 0x69 0x6e 0x6b    .ComLink
0010   0x20 0x49 0x49 0x01 0x10 0x02 0x00 0x01     II.....
0018   0x01 0x03 0x00 0x00 0x00 0x00 0x00 0x00    ........
0020   0x00 0x00 0x00 0x00 0x00 0x00 0x00 0x00    ........
0028   0x00 0x00 0x00 0x00 0x00 0x00 0x00 0x00    ........
0030   0x00 0x00 0x00 0x00 0x00 0x00 0x00 0x00    ........
0038   0x00 0x00 0x00 0x00 0x00 0x00 0x00 0x00    ........
INFO:__main__:quit send_force_read, found len: 64 expected 64 after 0 attempts
INFO:__main__:finished processing ProductInfo:0x04, {'description': 'ComLink II', 'software.version': '1.16', 'interfaces': [(0, 'Paradigm RF'), (1, 'USB')], 'product.version': '0.0', 'rf.freq': '868.35Mhz', 'serial': '0d2700'}
INFO:__main__:PROCESS:END:57.637:ProductInfo:0x04
INFO:__main__:{'description': 'ComLink II', 'software.version': '1.16', 'interfaces': [(0, 'Paradigm RF'), (1, 'USB')], 'product.version': '0.0', 'rf.freq': '868.35Mhz', 'serial': '0d2700'}
INFO:__main__:PROCESS:START:64.674:ProductInfo:0x04
INFO:__main__:link Stick transmit[None] reader[None] download_i[False] status[None] poll_size[None] poll_i[None] command[<ProductInfo:0x04:size(64)>] processing ProductInfo:0x04)
INFO:__main__:send_force_read: attempt 0/1 send command, read until we get something within some timeout
INFO:__main__:link Stick transmit[None] reader[None] download_i[False] status[None] poll_size[None] poll_i[None] command[<ProductInfo:0x04:size(64)>] sending ProductInfo:0x04)
INFO:root:usb.write.len: 3
0000   0x04 0x00 0x00                             ...
DEBUG:__main__:sleeping 0.001
INFO:root:usb.read.len: 64
INFO:root:usb.read.raw:
0000   0x01 0x55 0x00 0x0d 0x27 0x00 0x00 0x00    .U..'...
0008   0x01 0x43 0x6f 0x6d 0x4c 0x69 0x6e 0x6b    .ComLink
0010   0x20 0x49 0x49 0x01 0x10 0x02 0x00 0x01     II.....
0018   0x01 0x03 0x00 0x00 0x00 0x00 0x00 0x00    ........
0020   0x00 0x00 0x00 0x00 0x00 0x00 0x00 0x00    ........
0028   0x00 0x00 0x00 0x00 0x00 0x00 0x00 0x00    ........
0030   0x00 0x00 0x00 0x00 0x00 0x00 0x00 0x00    ........
0038   0x00 0x00 0x00 0x00 0x00 0x00 0x00 0x00    ........
INFO:__main__:quit send_force_read, found len: 64 expected 64 after 0 attempts
INFO:__main__:finished processing ProductInfo:0x04, {'description': 'ComLink II', 'software.version': '1.16', 'interfaces': [(0, 'Paradigm RF'), (1, 'USB')], 'product.version': '0.0', 'rf.freq': '868.35Mhz', 'serial': '0d2700'}
INFO:__main__:PROCESS:END:117.912:ProductInfo:0x04
INFO:__main__:{'description': 'ComLink II', 'software.version': '1.16', 'interfaces': [(0, 'Paradigm RF'), (1, 'USB')], 'product.version': '0.0', 'rf.freq': '868.35Mhz', 'serial': '0d2700'}
INFO:__main__:get signal strength of Stick transmit[None] reader[None] download_i[False] status[None] poll_size[None] poll_i[None] command[<ProductInfo:0x04:size(64)>]
INFO:__main__:PROCESS:START:128.307:SignalStrength:0x06 0x00
INFO:__main__:link Stick transmit[None] reader[None] download_i[False] status[None] poll_size[None] poll_i[None] command[<SignalStrength:0x06 0x00:size(64)>] processing SignalStrength:0x06 0x00)
INFO:__main__:send_force_read: attempt 0/1 send command, read until we get something within some timeout
INFO:__main__:link Stick transmit[None] reader[None] download_i[False] status[None] poll_size[None] poll_i[None] command[<SignalStrength:0x06 0x00:size(64)>] sending SignalStrength:0x06 0x00)
INFO:root:usb.write.len: 3
0000   0x06 0x00 0x00                             ...
DEBUG:__main__:sleeping 0.001
INFO:root:usb.read.len: 64
INFO:root:usb.read.raw:
0000   0x01 0x55 0x00 0xc0 0x27 0x00 0x00 0x00    .U..'...
0008   0x01 0x43 0x6f 0x6d 0x4c 0x69 0x6e 0x6b    .ComLink
0010   0x20 0x49 0x49 0x01 0x10 0x02 0x00 0x01     II.....
0018   0x01 0x03 0x00 0x00 0x00 0x00 0x00 0x00    ........
0020   0x00 0x00 0x00 0x00 0x00 0x00 0x00 0x00    ........
0028   0x00 0x00 0x00 0x00 0x00 0x00 0x00 0x00    ........
0030   0x00 0x00 0x00 0x00 0x00 0x00 0x00 0x00    ........
0038   0x00 0x00 0x00 0x00 0x00 0x00 0x00 0x00    ........
INFO:__main__:quit send_force_read, found len: 64 expected 64 after 0 attempts
INFO:__main__:<SignalStrength:0x06 0x00:size(64)>:readSignalStrength:192
INFO:__main__:finished processing SignalStrength:0x06 0x00, 192
INFO:__main__:PROCESS:END:173.511:SignalStrength:0x06 0x00
INFO:__main__:we seem to have found a nice signal strength of: 192
INFO:__main__:test fetching product info Stick transmit[None] reader[None] download_i[False] status[None] poll_size[None] poll_i[None] command[<SignalStrength:0x06 0x00:size(64)>]
INFO:__main__:PROCESS:START:183.383:ProductInfo:0x04
INFO:__main__:link Stick transmit[None] reader[None] download_i[False] status[None] poll_size[None] poll_i[None] command[<ProductInfo:0x04:size(64)>] processing ProductInfo:0x04)
INFO:__main__:send_force_read: attempt 0/1 send command, read until we get something within some timeout
INFO:__main__:link Stick transmit[None] reader[None] download_i[False] status[None] poll_size[None] poll_i[None] command[<ProductInfo:0x04:size(64)>] sending ProductInfo:0x04)
INFO:root:usb.write.len: 3
0000   0x04 0x00 0x00                             ...
DEBUG:__main__:sleeping 0.001
INFO:root:usb.read.len: 64
INFO:root:usb.read.raw:
0000   0x01 0x55 0x00 0x0d 0x27 0x00 0x00 0x00    .U..'...
0008   0x01 0x43 0x6f 0x6d 0x4c 0x69 0x6e 0x6b    .ComLink
0010   0x20 0x49 0x49 0x01 0x10 0x02 0x00 0x01     II.....
0018   0x01 0x03 0x00 0x00 0x00 0x00 0x00 0x00    ........
0020   0x00 0x00 0x00 0x00 0x00 0x00 0x00 0x00    ........
0028   0x00 0x00 0x00 0x00 0x00 0x00 0x00 0x00    ........
0030   0x00 0x00 0x00 0x00 0x00 0x00 0x00 0x00    ........
0038   0x00 0x00 0x00 0x00 0x00 0x00 0x00 0x00    ........
INFO:__main__:quit send_force_read, found len: 64 expected 64 after 0 attempts
INFO:__main__:finished processing ProductInfo:0x04, {'description': 'ComLink II', 'software.version': '1.16', 'interfaces': [(0, 'Paradigm RF'), (1, 'USB')], 'product.version': '0.0', 'rf.freq': '868.35Mhz', 'serial': '0d2700'}
INFO:__main__:PROCESS:END:225.137:ProductInfo:0x04
INFO:__main__:{'description': 'ComLink II',
 'interfaces': [(0, 'Paradigm RF'), (1, 'USB')],
 'product.version': '0.0',
 'rf.freq': '868.35Mhz',
 'serial': '0d2700',
 'software.version': '1.16'}
INFO:__main__:get signal strength of Stick transmit[None] reader[None] download_i[False] status[None] poll_size[None] poll_i[None] command[<ProductInfo:0x04:size(64)>]
INFO:__main__:PROCESS:START:251.287:SignalStrength:0x06 0x00
INFO:__main__:link Stick transmit[None] reader[None] download_i[False] status[None] poll_size[None] poll_i[None] command[<SignalStrength:0x06 0x00:size(64)>] processing SignalStrength:0x06 0x00)
INFO:__main__:send_force_read: attempt 0/1 send command, read until we get something within some timeout
INFO:__main__:link Stick transmit[None] reader[None] download_i[False] status[None] poll_size[None] poll_i[None] command[<SignalStrength:0x06 0x00:size(64)>] sending SignalStrength:0x06 0x00)
INFO:root:usb.write.len: 3
0000   0x06 0x00 0x00                             ...
DEBUG:__main__:sleeping 0.001
INFO:root:usb.read.len: 64
INFO:root:usb.read.raw:
0000   0x01 0x55 0x00 0xc0 0x27 0x00 0x00 0x00    .U..'...
0008   0x01 0x43 0x6f 0x6d 0x4c 0x69 0x6e 0x6b    .ComLink
0010   0x20 0x49 0x49 0x01 0x10 0x02 0x00 0x01     II.....
0018   0x01 0x03 0x00 0x00 0x00 0x00 0x00 0x00    ........
0020   0x00 0x00 0x00 0x00 0x00 0x00 0x00 0x00    ........
0028   0x00 0x00 0x00 0x00 0x00 0x00 0x00 0x00    ........
0030   0x00 0x00 0x00 0x00 0x00 0x00 0x00 0x00    ........
0038   0x00 0x00 0x00 0x00 0x00 0x00 0x00 0x00    ........
INFO:__main__:quit send_force_read, found len: 64 expected 64 after 0 attempts
INFO:__main__:<SignalStrength:0x06 0x00:size(64)>:readSignalStrength:192
INFO:__main__:finished processing SignalStrength:0x06 0x00, 192
INFO:__main__:PROCESS:END:303.715:SignalStrength:0x06 0x00
INFO:__main__:we seem to have found a nice signal strength of: 192
INFO:__main__:at this point, we could issue remote commands to a medical
    device, let's inspect the interfaces
INFO:__main__:PROCESS:START:319.753:UsbStats:0x05 0x01
INFO:__main__:link Stick transmit[None] reader[None] download_i[False] status[None] poll_size[None] poll_i[None] command[<UsbStats:0x05 0x01:size(64)>] processing UsbStats:0x05 0x01)
INFO:__main__:send_force_read: attempt 0/1 send command, read until we get something within some timeout
INFO:__main__:link Stick transmit[None] reader[None] download_i[False] status[None] poll_size[None] poll_i[None] command[<UsbStats:0x05 0x01:size(64)>] sending UsbStats:0x05 0x01)
INFO:root:usb.write.len: 3
0000   0x05 0x01 0x00                             ...
DEBUG:__main__:sleeping 0.001
INFO:root:usb.read.len: 64
INFO:root:usb.read.raw:
0000   0x01 0x55 0x00 0x00 0x00 0x00 0x00 0x00    .U......
0008   0x00 0x00 0x05 0x00 0x00 0x00 0x05 0x00    ........
0010   0x06 0x00 0x0a 0x00 0x05 0x04 0x00 0x00    ........
0018   0x05 0x03 0x00 0x00 0x00 0x00 0x00 0x00    ........
0020   0x00 0x00 0x00 0x00 0x00 0x00 0x00 0x00    ........
0028   0x00 0x00 0x00 0x00 0x00 0x00 0x00 0x00    ........
0030   0x00 0x00 0x00 0x00 0x00 0x00 0x00 0x00    ........
0038   0x00 0x00 0x00 0x00 0x00 0x00 0x00 0x00    ........
INFO:__main__:quit send_force_read, found len: 64 expected 64 after 0 attempts
INFO:__main__:finished processing UsbStats:0x05 0x01, {'errors.timeouts': 0, 'packets.transmit': 5L, 'errors.naks': 0, 'errors.sequence': 0, 'packets.received': 5L, 'errors.crc': 0}
INFO:__main__:PROCESS:END:381.111:UsbStats:0x05 0x01
INFO:__main__:PROCESS:START:386.716:RadioStats:0x05 0x00
INFO:__main__:link Stick transmit[None] reader[None] download_i[False] status[None] poll_size[None] poll_i[None] command[<RadioStats:0x05 0x00:size(64)>] processing RadioStats:0x05 0x00)
INFO:__main__:send_force_read: attempt 0/1 send command, read until we get something within some timeout
INFO:__main__:link Stick transmit[None] reader[None] download_i[False] status[None] poll_size[None] poll_i[None] command[<RadioStats:0x05 0x00:size(64)>] sending RadioStats:0x05 0x00)
INFO:root:usb.write.len: 3
0000   0x05 0x00 0x00                             ...
DEBUG:__main__:sleeping 0.001
INFO:root:usb.read.len: 64
INFO:root:usb.read.raw:
0000   0x01 0x55 0x00 0x00 0x00 0x00 0x00 0x00    .U......
0008   0x00 0x00 0x00 0x00 0x00 0x00 0x00 0x00    ........
0010   0x00 0x00 0x00 0x00 0x00 0x00 0x00 0x00    ........
0018   0x00 0x00 0x00 0x00 0x00 0x00 0x00 0x00    ........
0020   0x00 0x01 0x00 0x40 0x00 0x00 0x00 0x00    ...@....
0028   0x00 0x00 0x00 0x00 0x00 0x00 0x00 0x00    ........
0030   0x00 0x00 0x00 0x00 0x00 0x00 0x00 0x00    ........
0038   0x00 0x00 0x00 0x00 0x00 0x00 0x00 0x00    ........
INFO:__main__:quit send_force_read, found len: 64 expected 64 after 0 attempts
INFO:__main__:finished processing RadioStats:0x05 0x00, {'errors.timeouts': 0, 'packets.transmit': 0L, 'errors.naks': 0, 'errors.sequence': 0, 'packets.received': 0L, 'errors.crc': 0}
INFO:__main__:PROCESS:END:438.761:RadioStats:0x05 0x00
INFO:__main__:{'radio': {'errors.crc': 0,
           'errors.naks': 0,
           'errors.sequence': 0,
           'errors.timeouts': 0,
           'packets.received': 0L,
           'packets.transmit': 0L},
 'usb': {'errors.crc': 0,
         'errors.naks': 0,
         'errors.sequence': 0,
         'errors.timeouts': 0,
         'packets.received': 5L,
         'packets.transmit': 5L}}
INFO:__main__:CLEAR BUFFERS
INFO:__main__:PROCESS:START:484.054:UsbStats:0x05 0x01
INFO:__main__:link Stick transmit[None] reader[None] download_i[False] status[None] poll_size[None] poll_i[None] command[<UsbStats:0x05 0x01:size(64)>] processing UsbStats:0x05 0x01)
INFO:__main__:send_force_read: attempt 0/1 send command, read until we get something within some timeout
INFO:__main__:link Stick transmit[None] reader[None] download_i[False] status[None] poll_size[None] poll_i[None] command[<UsbStats:0x05 0x01:size(64)>] sending UsbStats:0x05 0x01)
INFO:root:usb.write.len: 3
0000   0x05 0x01 0x00                             ...
DEBUG:__main__:sleeping 0.001
INFO:root:usb.read.len: 64
INFO:root:usb.read.raw:
0000   0x01 0x55 0x00 0x00 0x00 0x00 0x00 0x00    .U......
0008   0x00 0x00 0x07 0x00 0x00 0x00 0x07 0x00    ........
0010   0x08 0x00 0x0e 0x00 0x07 0x04 0x00 0x00    ........
0018   0x05 0x00 0x00 0x00 0x00 0x00 0x00 0x00    ........
0020   0x00 0x01 0x00 0x40 0x00 0x00 0x00 0x00    ...@....
0028   0x00 0x00 0x00 0x00 0x00 0x00 0x00 0x00    ........
0030   0x00 0x00 0x00 0x00 0x00 0x00 0x00 0x00    ........
0038   0x00 0x00 0x00 0x00 0x00 0x00 0x00 0x00    ........
INFO:__main__:quit send_force_read, found len: 64 expected 64 after 0 attempts
INFO:__main__:finished processing UsbStats:0x05 0x01, {'errors.timeouts': 0, 'packets.transmit': 7L, 'errors.naks': 0, 'errors.sequence': 0, 'packets.received': 7L, 'errors.crc': 0}
INFO:__main__:PROCESS:END:550.858:UsbStats:0x05 0x01
INFO:__main__:PROCESS:START:555.439:RadioStats:0x05 0x00
INFO:__main__:link Stick transmit[None] reader[None] download_i[False] status[None] poll_size[None] poll_i[None] command[<RadioStats:0x05 0x00:size(64)>] processing RadioStats:0x05 0x00)
INFO:__main__:send_force_read: attempt 0/1 send command, read until we get something within some timeout
INFO:__main__:link Stick transmit[None] reader[None] download_i[False] status[None] poll_size[None] poll_i[None] command[<RadioStats:0x05 0x00:size(64)>] sending RadioStats:0x05 0x00)
INFO:root:usb.write.len: 3
0000   0x05 0x00 0x00                             ...
DEBUG:__main__:sleeping 0.001
INFO:root:usb.read.len: 64
INFO:root:usb.read.raw:
0000   0x01 0x55 0x00 0x00 0x00 0x00 0x00 0x00    .U......
0008   0x00 0x00 0x00 0x00 0x00 0x00 0x00 0x00    ........
0010   0x00 0x00 0x00 0x00 0x00 0x00 0x00 0x00    ........
0018   0x00 0x00 0x00 0x00 0x00 0x00 0x00 0x00    ........
0020   0x00 0x01 0x00 0x40 0x00 0x00 0x00 0x00    ...@....
0028   0x00 0x00 0x00 0x00 0x00 0x00 0x00 0x00    ........
0030   0x00 0x00 0x00 0x00 0x00 0x00 0x00 0x00    ........
0038   0x00 0x00 0x00 0x00 0x00 0x00 0x00 0x00    ........
INFO:__main__:quit send_force_read, found len: 64 expected 64 after 0 attempts
INFO:__main__:finished processing RadioStats:0x05 0x00, {'errors.timeouts': 0, 'packets.transmit': 0L, 'errors.naks': 0, 'errors.sequence': 0, 'packets.received': 0L, 'errors.crc': 0}
INFO:__main__:PROCESS:END:610.97:RadioStats:0x05 0x00
DEBUG:__main__:INTERFACE STATS:
{'radio': {'errors.crc': 0,
           'errors.naks': 0,
           'errors.sequence': 0,
           'errors.timeouts': 0,
           'packets.received': 0L,
           'packets.transmit': 0L},
 'usb': {'errors.crc': 0,
         'errors.naks': 0,
         'errors.sequence': 0,
         'errors.timeouts': 0,
         'packets.received': 7L,
         'packets.transmit': 7L}}
INFO:__main__:XXX:clear_buffer[attempt][0]:segments[0],total_segments[0]:raw[0]:BEGIN :first poll
DEBUG:__main__:<Stick transmit[None] reader[None] download_i[False] status[None] poll_size[None] poll_i[None] command[<RadioStats:0x05 0x00:size(64)>]>:STARTING POLL PHASE:attempt:0
DEBUG:__main__:<Stick transmit[None] reader[None] download_i[False] status[None] poll_size[0] poll_i[0] command[<RadioStats:0x05 0x00:size(64)>]>:poll:attempt:0
INFO:__main__:PROCESS:START:666.418:LinkStatus:0x03:status:size=64
INFO:__main__:link Stick transmit[None] reader[None] download_i[False] status[None] poll_size[0] poll_i[0] command[<LinkStatus:0x03:status:size=64:size(64)>] processing LinkStatus:0x03:status:size=64)
INFO:__main__:send_force_read: attempt 0/1 send command, read until we get something within some timeout
INFO:__main__:link Stick transmit[None] reader[None] download_i[False] status[None] poll_size[0] poll_i[0] command[<LinkStatus:0x03:status:size=64:size(64)>] sending LinkStatus:0x03:status:size=64)
INFO:root:usb.write.len: 3
0000   0x03 0x00 0x00                             ...
DEBUG:__main__:sleeping 0.001
INFO:root:usb.read.len: 64
INFO:root:usb.read.raw:
0000   0x01 0x55 0x00 0x00 0x02 0x00 0x00 0x00    .U......
0008   0x05 0x04 0x00 0x00 0x00 0x00 0x00 0x00    ........
0010   0x00 0x00 0x00 0x00 0x00 0x00 0x00 0x00    ........
0018   0x00 0x00 0x00 0x00 0x00 0x00 0x00 0x00    ........
0020   0x00 0x01 0x00 0x40 0x00 0x00 0x00 0x00    ...@....
0028   0x00 0x00 0x00 0x00 0x00 0x00 0x00 0x00    ........
0030   0x00 0x00 0x00 0x00 0x00 0x00 0x00 0x00    ........
0038   0x00 0x00 0x00 0x00 0x00 0x00 0x00 0x00    ........
INFO:__main__:quit send_force_read, found len: 64 expected 64 after 0 attempts
INFO:__main__:LinkStatus:0x03:status:size=??LinkStatus:error:True:reason:['OK']

INFO:__main__:finished processing LinkStatus:0x03:status:size=??LinkStatus:error:True:reason:[], 0
INFO:__main__:PROCESS:END:733.439:LinkStatus:0x03:status:size=??LinkStatus:error:True:reason:[]
DEBUG:__main__:poll zero, sleeping in POLL, .100
DEBUG:__main__:<Stick transmit[None] reader[None] download_i[False] status[<LinkStatus:0x03:status:size=??LinkStatus:error:True:reason:[]:size(0)>] poll_size[0] poll_i[1] command[<LinkStatus:0x03:status:size=??LinkStatus:error:True:reason:[]:size(0)>]>:poll:attempt:1
INFO:__main__:PROCESS:START:849.13:LinkStatus:0x03:status:size=64
INFO:__main__:link Stick transmit[None] reader[None] download_i[False] status[<LinkStatus:0x03:status:size=??LinkStatus:error:True:reason:[]:size(0)>] poll_size[0] poll_i[1] command[<LinkStatus:0x03:status:size=64:size(64)>] processing LinkStatus:0x03:status:size=64)
INFO:__main__:send_force_read: attempt 0/1 send command, read until we get something within some timeout
INFO:__main__:link Stick transmit[None] reader[None] download_i[False] status[<LinkStatus:0x03:status:size=??LinkStatus:error:True:reason:[]:size(0)>] poll_size[0] poll_i[1] command[<LinkStatus:0x03:status:size=64:size(64)>] sending LinkStatus:0x03:status:size=64)
INFO:root:usb.write.len: 3
0000   0x03 0x00 0x00                             ...
DEBUG:__main__:sleeping 0.001
INFO:root:usb.read.len: 64
INFO:root:usb.read.raw:
0000   0x01 0x55 0x00 0x00 0x02 0x00 0x00 0x00    .U......
0008   0x05 0x04 0x00 0x00 0x00 0x00 0x00 0x00    ........
0010   0x00 0x00 0x00 0x00 0x00 0x00 0x00 0x00    ........
0018   0x00 0x00 0x00 0x00 0x00 0x00 0x00 0x00    ........
0020   0x00 0x01 0x00 0x40 0x00 0x00 0x00 0x00    ...@....
0028   0x00 0x00 0x00 0x00 0x00 0x00 0x00 0x00    ........
0030   0x00 0x00 0x00 0x00 0x00 0x00 0x00 0x00    ........
0038   0x00 0x00 0x00 0x00 0x00 0x00 0x00 0x00    ........
INFO:__main__:quit send_force_read, found len: 64 expected 64 after 0 attempts
INFO:__main__:LinkStatus:0x03:status:size=??LinkStatus:error:True:reason:['OK']

INFO:__main__:finished processing LinkStatus:0x03:status:size=??LinkStatus:error:True:reason:[], 0
INFO:__main__:PROCESS:END:909.097:LinkStatus:0x03:status:size=??LinkStatus:error:True:reason:[]
DEBUG:__main__:poll zero, sleeping in POLL, .100
DEBUG:__main__:<Stick transmit[None] reader[None] download_i[False] status[<LinkStatus:0x03:status:size=??LinkStatus:error:True:reason:[]:size(0)>] poll_size[0] poll_i[2] command[<LinkStatus:0x03:status:size=??LinkStatus:error:True:reason:[]:size(0)>]>:poll:attempt:2
INFO:__main__:PROCESS:START:1024.894:LinkStatus:0x03:status:size=64
INFO:__main__:link Stick transmit[None] reader[None] download_i[False] status[<LinkStatus:0x03:status:size=??LinkStatus:error:True:reason:[]:size(0)>] poll_size[0] poll_i[2] command[<LinkStatus:0x03:status:size=64:size(64)>] processing LinkStatus:0x03:status:size=64)
INFO:__main__:send_force_read: attempt 0/1 send command, read until we get something within some timeout
INFO:__main__:link Stick transmit[None] reader[None] download_i[False] status[<LinkStatus:0x03:status:size=??LinkStatus:error:True:reason:[]:size(0)>] poll_size[0] poll_i[2] command[<LinkStatus:0x03:status:size=64:size(64)>] sending LinkStatus:0x03:status:size=64)
INFO:root:usb.write.len: 3
0000   0x03 0x00 0x00                             ...
DEBUG:__main__:sleeping 0.001
INFO:root:usb.read.len: 64
INFO:root:usb.read.raw:
0000   0x01 0x55 0x00 0x00 0x02 0x00 0x00 0x00    .U......
0008   0x05 0x04 0x00 0x00 0x00 0x00 0x00 0x00    ........
0010   0x00 0x00 0x00 0x00 0x00 0x00 0x00 0x00    ........
0018   0x00 0x00 0x00 0x00 0x00 0x00 0x00 0x00    ........
0020   0x00 0x01 0x00 0x40 0x00 0x00 0x00 0x00    ...@....
0028   0x00 0x00 0x00 0x00 0x00 0x00 0x00 0x00    ........
0030   0x00 0x00 0x00 0x00 0x00 0x00 0x00 0x00    ........
0038   0x00 0x00 0x00 0x00 0x00 0x00 0x00 0x00    ........
INFO:__main__:quit send_force_read, found len: 64 expected 64 after 0 attempts
INFO:__main__:LinkStatus:0x03:status:size=??LinkStatus:error:True:reason:['OK']

INFO:__main__:finished processing LinkStatus:0x03:status:size=??LinkStatus:error:True:reason:[], 0
INFO:__main__:PROCESS:END:1091.589:LinkStatus:0x03:status:size=??LinkStatus:error:True:reason:[]
DEBUG:__main__:poll zero, sleeping in POLL, .100
DEBUG:__main__:<Stick transmit[None] reader[None] download_i[False] status[<LinkStatus:0x03:status:size=??LinkStatus:error:True:reason:[]:size(0)>] poll_size[0] poll_i[3] command[<LinkStatus:0x03:status:size=??LinkStatus:error:True:reason:[]:size(0)>]>:poll:attempt:3
INFO:__main__:PROCESS:START:1207.171:LinkStatus:0x03:status:size=64
INFO:__main__:link Stick transmit[None] reader[None] download_i[False] status[<LinkStatus:0x03:status:size=??LinkStatus:error:True:reason:[]:size(0)>] poll_size[0] poll_i[3] command[<LinkStatus:0x03:status:size=64:size(64)>] processing LinkStatus:0x03:status:size=64)
INFO:__main__:send_force_read: attempt 0/1 send command, read until we get something within some timeout
INFO:__main__:link Stick transmit[None] reader[None] download_i[False] status[<LinkStatus:0x03:status:size=??LinkStatus:error:True:reason:[]:size(0)>] poll_size[0] poll_i[3] command[<LinkStatus:0x03:status:size=64:size(64)>] sending LinkStatus:0x03:status:size=64)
INFO:root:usb.write.len: 3
0000   0x03 0x00 0x00                             ...
DEBUG:__main__:sleeping 0.001
INFO:root:usb.read.len: 64
INFO:root:usb.read.raw:
0000   0x01 0x55 0x00 0x00 0x02 0x00 0x00 0x00    .U......
0008   0x05 0x04 0x00 0x00 0x00 0x00 0x00 0x00    ........
0010   0x00 0x00 0x00 0x00 0x00 0x00 0x00 0x00    ........
0018   0x00 0x00 0x00 0x00 0x00 0x00 0x00 0x00    ........
0020   0x00 0x01 0x00 0x40 0x00 0x00 0x00 0x00    ...@....
0028   0x00 0x00 0x00 0x00 0x00 0x00 0x00 0x00    ........
0030   0x00 0x00 0x00 0x00 0x00 0x00 0x00 0x00    ........
0038   0x00 0x00 0x00 0x00 0x00 0x00 0x00 0x00    ........
INFO:__main__:quit send_force_read, found len: 64 expected 64 after 0 attempts
INFO:__main__:LinkStatus:0x03:status:size=??LinkStatus:error:True:reason:['OK']

INFO:__main__:finished processing LinkStatus:0x03:status:size=??LinkStatus:error:True:reason:[], 0
INFO:__main__:PROCESS:END:1275.244:LinkStatus:0x03:status:size=??LinkStatus:error:True:reason:[]
DEBUG:__main__:poll zero, sleeping in POLL, .100
DEBUG:__main__:<Stick transmit[None] reader[None] download_i[False] status[<LinkStatus:0x03:status:size=??LinkStatus:error:True:reason:[]:size(0)>] poll_size[0] poll_i[4] command[<LinkStatus:0x03:status:size=??LinkStatus:error:True:reason:[]:size(0)>]>:poll:attempt:4
INFO:__main__:PROCESS:START:1389.523:LinkStatus:0x03:status:size=64
INFO:__main__:link Stick transmit[None] reader[None] download_i[False] status[<LinkStatus:0x03:status:size=??LinkStatus:error:True:reason:[]:size(0)>] poll_size[0] poll_i[4] command[<LinkStatus:0x03:status:size=64:size(64)>] processing LinkStatus:0x03:status:size=64)
INFO:__main__:send_force_read: attempt 0/1 send command, read until we get something within some timeout
INFO:__main__:link Stick transmit[None] reader[None] download_i[False] status[<LinkStatus:0x03:status:size=??LinkStatus:error:True:reason:[]:size(0)>] poll_size[0] poll_i[4] command[<LinkStatus:0x03:status:size=64:size(64)>] sending LinkStatus:0x03:status:size=64)
INFO:root:usb.write.len: 3
0000   0x03 0x00 0x00                             ...
DEBUG:__main__:sleeping 0.001
INFO:root:usb.read.len: 64
INFO:root:usb.read.raw:
0000   0x01 0x55 0x00 0x00 0x02 0x00 0x00 0x00    .U......
0008   0x05 0x04 0x00 0x00 0x00 0x00 0x00 0x00    ........
0010   0x00 0x00 0x00 0x00 0x00 0x00 0x00 0x00    ........
0018   0x00 0x00 0x00 0x00 0x00 0x00 0x00 0x00    ........
0020   0x00 0x01 0x00 0x40 0x00 0x00 0x00 0x00    ...@....
0028   0x00 0x00 0x00 0x00 0x00 0x00 0x00 0x00    ........
0030   0x00 0x00 0x00 0x00 0x00 0x00 0x00 0x00    ........
0038   0x00 0x00 0x00 0x00 0x00 0x00 0x00 0x00    ........
INFO:__main__:quit send_force_read, found len: 64 expected 64 after 0 attempts
INFO:__main__:LinkStatus:0x03:status:size=??LinkStatus:error:True:reason:['OK']

INFO:__main__:finished processing LinkStatus:0x03:status:size=??LinkStatus:error:True:reason:[], 0
INFO:__main__:PROCESS:END:1456.169:LinkStatus:0x03:status:size=??LinkStatus:error:True:reason:[]
DEBUG:__main__:poll zero, sleeping in POLL, .100
DEBUG:__main__:<Stick transmit[None] reader[None] download_i[False] status[<LinkStatus:0x03:status:size=??LinkStatus:error:True:reason:[]:size(0)>] poll_size[0] poll_i[5] command[<LinkStatus:0x03:status:size=??LinkStatus:error:True:reason:[]:size(0)>]>:poll:attempt:5
INFO:__main__:PROCESS:START:1571.126:LinkStatus:0x03:status:size=64
INFO:__main__:link Stick transmit[None] reader[None] download_i[False] status[<LinkStatus:0x03:status:size=??LinkStatus:error:True:reason:[]:size(0)>] poll_size[0] poll_i[5] command[<LinkStatus:0x03:status:size=64:size(64)>] processing LinkStatus:0x03:status:size=64)
INFO:__main__:send_force_read: attempt 0/1 send command, read until we get something within some timeout
INFO:__main__:link Stick transmit[None] reader[None] download_i[False] status[<LinkStatus:0x03:status:size=??LinkStatus:error:True:reason:[]:size(0)>] poll_size[0] poll_i[5] command[<LinkStatus:0x03:status:size=64:size(64)>] sending LinkStatus:0x03:status:size=64)
INFO:root:usb.write.len: 3
0000   0x03 0x00 0x00                             ...
DEBUG:__main__:sleeping 0.001
INFO:root:usb.read.len: 64
INFO:root:usb.read.raw:
0000   0x01 0x55 0x00 0x00 0x02 0x00 0x00 0x00    .U......
0008   0x05 0x04 0x00 0x00 0x00 0x00 0x00 0x00    ........
0010   0x00 0x00 0x00 0x00 0x00 0x00 0x00 0x00    ........
0018   0x00 0x00 0x00 0x00 0x00 0x00 0x00 0x00    ........
0020   0x00 0x01 0x00 0x40 0x00 0x00 0x00 0x00    ...@....
0028   0x00 0x00 0x00 0x00 0x00 0x00 0x00 0x00    ........
0030   0x00 0x00 0x00 0x00 0x00 0x00 0x00 0x00    ........
0038   0x00 0x00 0x00 0x00 0x00 0x00 0x00 0x00    ........
INFO:__main__:quit send_force_read, found len: 64 expected 64 after 0 attempts
INFO:__main__:LinkStatus:0x03:status:size=??LinkStatus:error:True:reason:['OK']

INFO:__main__:finished processing LinkStatus:0x03:status:size=??LinkStatus:error:True:reason:[], 0
INFO:__main__:PROCESS:END:1638.816:LinkStatus:0x03:status:size=??LinkStatus:error:True:reason:[]
DEBUG:__main__:poll zero, sleeping in POLL, .100
INFO:__main__:Stick transmit[None] reader[None] download_i[False] status[<LinkStatus:0x03:status:size=??LinkStatus:error:True:reason:[]:size(0)>] poll_size[0] poll_i[5] command[<LinkStatus:0x03:status:size=??LinkStatus:error:True:reason:[]:size(0)>]:STOP POLL after 6 attempts:size:0
INFO:__main__:XXX:clear_buffer[attempt][0]:segments[0],total_segments[0]:raw[0]:END first poll 0:SHOULD DOWNLOAD :False
INFO:__main__:PROCESS:START:1757.785:UsbStats:0x05 0x01
INFO:__main__:link Stick transmit[None] reader[None] download_i[False] status[<LinkStatus:0x03:status:size=??LinkStatus:error:True:reason:[]:size(0)>] poll_size[0] poll_i[False] command[<UsbStats:0x05 0x01:size(64)>] processing UsbStats:0x05 0x01)
INFO:__main__:send_force_read: attempt 0/1 send command, read until we get something within some timeout
INFO:__main__:link Stick transmit[None] reader[None] download_i[False] status[<LinkStatus:0x03:status:size=??LinkStatus:error:True:reason:[]:size(0)>] poll_size[0] poll_i[False] command[<UsbStats:0x05 0x01:size(64)>] sending UsbStats:0x05 0x01)
INFO:root:usb.write.len: 3
0000   0x05 0x01 0x00                             ...
DEBUG:__main__:sleeping 0.001
INFO:root:usb.read.len: 64
INFO:root:usb.read.raw:
0000   0x01 0x55 0x00 0x00 0x00 0x00 0x00 0x00    .U......
0008   0x00 0x00 0x0f 0x00 0x00 0x00 0x0f 0x00    ........
0010   0x10 0x00 0x1e 0x00 0x0f 0x04 0x00 0x00    ........
0018   0x05 0x00 0x00 0x00 0x00 0x00 0x00 0x00    ........
0020   0x00 0x01 0x00 0x40 0x00 0x00 0x00 0x00    ...@....
0028   0x00 0x00 0x00 0x00 0x00 0x00 0x00 0x00    ........
0030   0x00 0x00 0x00 0x00 0x00 0x00 0x00 0x00    ........
0038   0x00 0x00 0x00 0x00 0x00 0x00 0x00 0x00    ........
INFO:__main__:quit send_force_read, found len: 64 expected 64 after 0 attempts
INFO:__main__:finished processing UsbStats:0x05 0x01, {'errors.timeouts': 0, 'packets.transmit': 15L, 'errors.naks': 0, 'errors.sequence': 0, 'packets.received': 15L, 'errors.crc': 0}
INFO:__main__:PROCESS:END:1817.761:UsbStats:0x05 0x01
INFO:__main__:PROCESS:START:1822.999:RadioStats:0x05 0x00
INFO:__main__:link Stick transmit[None] reader[None] download_i[False] status[<LinkStatus:0x03:status:size=??LinkStatus:error:True:reason:[]:size(0)>] poll_size[0] poll_i[False] command[<RadioStats:0x05 0x00:size(64)>] processing RadioStats:0x05 0x00)
INFO:__main__:send_force_read: attempt 0/1 send command, read until we get something within some timeout
INFO:__main__:link Stick transmit[None] reader[None] download_i[False] status[<LinkStatus:0x03:status:size=??LinkStatus:error:True:reason:[]:size(0)>] poll_size[0] poll_i[False] command[<RadioStats:0x05 0x00:size(64)>] sending RadioStats:0x05 0x00)
INFO:root:usb.write.len: 3
0000   0x05 0x00 0x00                             ...
DEBUG:__main__:sleeping 0.001
INFO:root:usb.read.len: 64
INFO:root:usb.read.raw:
0000   0x01 0x55 0x00 0x00 0x00 0x00 0x00 0x00    .U......
0008   0x00 0x00 0x00 0x00 0x00 0x00 0x00 0x00    ........
0010   0x00 0x00 0x00 0x00 0x00 0x00 0x00 0x00    ........
0018   0x00 0x00 0x00 0x00 0x00 0x00 0x00 0x00    ........
0020   0x00 0x01 0x00 0x40 0x00 0x00 0x00 0x00    ...@....
0028   0x00 0x00 0x00 0x00 0x00 0x00 0x00 0x00    ........
0030   0x00 0x00 0x00 0x00 0x00 0x00 0x00 0x00    ........
0038   0x00 0x00 0x00 0x00 0x00 0x00 0x00 0x00    ........
INFO:__main__:quit send_force_read, found len: 64 expected 64 after 0 attempts
INFO:__main__:finished processing RadioStats:0x05 0x00, {'errors.timeouts': 0, 'packets.transmit': 0L, 'errors.naks': 0, 'errors.sequence': 0, 'packets.received': 0L, 'errors.crc': 0}
INFO:__main__:PROCESS:END:1884.029:RadioStats:0x05 0x00
INFO:__main__:XXX:clear_buffer[attempt][0]:END:no data:INTERFACE STATS
{'radio': {'errors.crc': 0,
           'errors.naks': 0,
           'errors.sequence': 0,
           'errors.timeouts': 0,
           'packets.received': 0L,
           'packets.transmit': 0L},
 'usb': {'errors.crc': 0,
         'errors.naks': 0,
         'errors.sequence': 0,
         'errors.timeouts': 0,
         'packets.received': 15L,
         'packets.transmit': 15L}}
INFO:__main__:NO PENDING BUFFER
INFO:__main__:DONE CLEARING BUFFERS
INFO:__main__:PROCESS:START:1931.741:UsbStats:0x05 0x01
INFO:__main__:link Stick transmit[None] reader[None] download_i[False] status[<LinkStatus:0x03:status:size=??LinkStatus:error:True:reason:[]:size(0)>] poll_size[0] poll_i[False] command[<UsbStats:0x05 0x01:size(64)>] processing UsbStats:0x05 0x01)
INFO:__main__:send_force_read: attempt 0/1 send command, read until we get something within some timeout
INFO:__main__:link Stick transmit[None] reader[None] download_i[False] status[<LinkStatus:0x03:status:size=??LinkStatus:error:True:reason:[]:size(0)>] poll_size[0] poll_i[False] command[<UsbStats:0x05 0x01:size(64)>] sending UsbStats:0x05 0x01)
INFO:root:usb.write.len: 3
0000   0x05 0x01 0x00                             ...
DEBUG:__main__:sleeping 0.001
INFO:root:usb.read.len: 64
INFO:root:usb.read.raw:
0000   0x01 0x55 0x00 0x00 0x00 0x00 0x00 0x00    .U......
0008   0x00 0x00 0x11 0x00 0x00 0x00 0x11 0x00    ........
0010   0x12 0x00 0x21 0x00 0x11 0x04 0x00 0x00    ..!.....
0018   0x05 0x00 0x00 0x00 0x00 0x00 0x00 0x00    ........
0020   0x00 0x01 0x00 0x40 0x00 0x00 0x00 0x00    ...@....
0028   0x00 0x00 0x00 0x00 0x00 0x00 0x00 0x00    ........
0030   0x00 0x00 0x00 0x00 0x00 0x00 0x00 0x00    ........
0038   0x00 0x00 0x00 0x00 0x00 0x00 0x00 0x00    ........
INFO:__main__:quit send_force_read, found len: 64 expected 64 after 0 attempts
INFO:__main__:finished processing UsbStats:0x05 0x01, {'errors.timeouts': 0, 'packets.transmit': 17L, 'errors.naks': 0, 'errors.sequence': 0, 'packets.received': 17L, 'errors.crc': 0}
INFO:__main__:PROCESS:END:1994.385:UsbStats:0x05 0x01
INFO:__main__:PROCESS:START:1999.495:RadioStats:0x05 0x00
INFO:__main__:link Stick transmit[None] reader[None] download_i[False] status[<LinkStatus:0x03:status:size=??LinkStatus:error:True:reason:[]:size(0)>] poll_size[0] poll_i[False] command[<RadioStats:0x05 0x00:size(64)>] processing RadioStats:0x05 0x00)
INFO:__main__:send_force_read: attempt 0/1 send command, read until we get something within some timeout
INFO:__main__:link Stick transmit[None] reader[None] download_i[False] status[<LinkStatus:0x03:status:size=??LinkStatus:error:True:reason:[]:size(0)>] poll_size[0] poll_i[False] command[<RadioStats:0x05 0x00:size(64)>] sending RadioStats:0x05 0x00)
INFO:root:usb.write.len: 3
0000   0x05 0x00 0x00                             ...
DEBUG:__main__:sleeping 0.001
INFO:root:usb.read.len: 64
INFO:root:usb.read.raw:
0000   0x01 0x55 0x00 0x00 0x00 0x00 0x00 0x00    .U......
0008   0x00 0x00 0x00 0x00 0x00 0x00 0x00 0x00    ........
0010   0x00 0x00 0x00 0x00 0x00 0x00 0x00 0x00    ........
0018   0x00 0x00 0x00 0x00 0x00 0x00 0x00 0x00    ........
0020   0x00 0x01 0x00 0x40 0x00 0x00 0x00 0x00    ...@....
0028   0x00 0x00 0x00 0x00 0x00 0x00 0x00 0x00    ........
0030   0x00 0x00 0x00 0x00 0x00 0x00 0x00 0x00    ........
0038   0x00 0x00 0x00 0x00 0x00 0x00 0x00 0x00    ........
INFO:__main__:quit send_force_read, found len: 64 expected 64 after 0 attempts
INFO:__main__:finished processing RadioStats:0x05 0x00, {'errors.timeouts': 0, 'packets.transmit': 0L, 'errors.naks': 0, 'errors.sequence': 0, 'packets.received': 0L, 'errors.crc': 0}
INFO:__main__:PROCESS:END:2060.148:RadioStats:0x05 0x00
INFO:__main__:INTERFACE STATS:
{'radio': {'errors.crc': 0,
           'errors.naks': 0,
           'errors.sequence': 0,
           'errors.timeouts': 0,
           'packets.received': 0L,
           'packets.transmit': 0L},
 'usb': {'errors.crc': 0,
         'errors.naks': 0,
         'errors.sequence': 0,
         'errors.timeouts': 0,
         'packets.received': 17L,
         'packets.transmit': 17L}}
INFO:__main__:howdy! all done looking at the stick
python decocare/stick.py /dev/ttyUSB.Carelink0
	elapsed 0:04.60
	user 2.59
	system 0.46
	CPU 66% (0text+0data 10556max)k
