OUT
## Observations
Fri 10 Feb 17:12:27 EET 2017

## stick

* stick runs appear to be ok

## pump


## downloaded: 34

```
INFO:session:finished executing:ReadHistoryData:size[1024]:[page][0]:data[1024]:
INFO:session:finished executing:ReadHistoryData:size[1024]:[page][10]:data[1024]:
INFO:session:finished executing:ReadHistoryData:size[1024]:[page][11]:data[1024]:
INFO:session:finished executing:ReadHistoryData:size[1024]:[page][12]:data[1024]:
INFO:session:finished executing:ReadHistoryData:size[1024]:[page][13]:data[1024]:
INFO:session:finished executing:ReadHistoryData:size[1024]:[page][14]:data[1024]:
INFO:session:finished executing:ReadHistoryData:size[1024]:[page][15]:data[1024]:
INFO:session:finished executing:ReadHistoryData:size[1024]:[page][16]:data[1024]:
INFO:session:finished executing:ReadHistoryData:size[1024]:[page][17]:data[1024]:
INFO:session:finished executing:ReadHistoryData:size[1024]:[page][17]:data[128]:
INFO:session:finished executing:ReadHistoryData:size[1024]:[page][18]:data[1024]:
INFO:session:finished executing:ReadHistoryData:size[1024]:[page][19]:data[1024]:
INFO:session:finished executing:ReadHistoryData:size[1024]:[page][1]:data[1024]:
INFO:session:finished executing:ReadHistoryData:size[1024]:[page][1]:data[832]:
INFO:session:finished executing:ReadHistoryData:size[1024]:[page][20]:data[1024]:
INFO:session:finished executing:ReadHistoryData:size[1024]:[page][21]:data[1024]:
INFO:session:finished executing:ReadHistoryData:size[1024]:[page][22]:data[1024]:
INFO:session:finished executing:ReadHistoryData:size[1024]:[page][22]:data[832]:
INFO:session:finished executing:ReadHistoryData:size[1024]:[page][23]:data[1024]:
INFO:session:finished executing:ReadHistoryData:size[1024]:[page][24]:data[1024]:
INFO:session:finished executing:ReadHistoryData:size[1024]:[page][25]:data[1024]:
INFO:session:finished executing:ReadHistoryData:size[1024]:[page][26]:data[1024]:
INFO:session:finished executing:ReadHistoryData:size[1024]:[page][27]:data[1024]:
INFO:session:finished executing:ReadHistoryData:size[1024]:[page][28]:data[1024]:
INFO:session:finished executing:ReadHistoryData:size[1024]:[page][29]:data[1024]:
INFO:session:finished executing:ReadHistoryData:size[1024]:[page][2]:data[1024]:
INFO:session:finished executing:ReadHistoryData:size[1024]:[page][30]:data[1024]:
INFO:session:finished executing:ReadHistoryData:size[1024]:[page][31]:data[1024]:
INFO:session:finished executing:ReadHistoryData:size[1024]:[page][32]:data[1024]:
INFO:session:finished executing:ReadHistoryData:size[1024]:[page][32]:data[832]:
INFO:session:finished executing:ReadHistoryData:size[1024]:[page][33]:data[1024]:
INFO:session:finished executing:ReadHistoryData:size[1024]:[page][33]:data[832]:
INFO:session:finished executing:ReadHistoryData:size[1024]:[page][34]:data[1024]:
INFO:session:finished executing:ReadHistoryData:size[1024]:[page][35]:data[1024]:
INFO:session:finished executing:ReadHistoryData:size[1024]:[page][36]:data[1]:
INFO:session:finished executing:ReadHistoryData:size[1024]:[page][36]:data[2]:
INFO:session:finished executing:ReadHistoryData:size[1024]:[page][3]:data[1216]:
INFO:session:finished executing:ReadHistoryData:size[1024]:[page][3]:data[832]:
INFO:session:finished executing:ReadHistoryData:size[1024]:[page][4]:data[1024]:
INFO:session:finished executing:ReadHistoryData:size[1024]:[page][5]:data[1280]:
INFO:session:finished executing:ReadHistoryData:size[1024]:[page][5]:data[832]:
INFO:session:finished executing:ReadHistoryData:size[1024]:[page][6]:data[1024]:
INFO:session:finished executing:ReadHistoryData:size[1024]:[page][7]:data[1024]:
INFO:session:finished executing:ReadHistoryData:size[1024]:[page][8]:data[1024]:
INFO:session:finished executing:ReadHistoryData:size[1024]:[page][9]:data[1024]:
```


## commands session:finished: 57

```
INFO:session:finished executing:ReadBasalTemp:size[64]:data:{'duration': 0, 'rate': 0.0, 'temp': 'absolute'}
INFO:session:finished executing:ReadBatteryStatus:size[64]:data:{'status': 'normal', 'voltage': 1.17}
INFO:session:finished executing:ReadContrast:size[64]:data:bytearray(b'\x02\x07\x00\x00\x00\x00\x00\x00\x00\x00\x00\x00\x00\x00\x00\x00\x00\x00\x00\x00\x00\x00\x00\x00\x00\x00\x00\x00\x00\x00\x00\x00\x00\x00\x00\x00\x00\x00\x00\x00\x00\x00\x00\x00\x00\x00\x00\x00\x00\x00\x00\x00\x00\x00\x00\x00\x00\x00\x00\x00\x00\x00\x00\x00')
INFO:session:finished executing:ReadCurPageNumber:pages:36
INFO:session:finished executing:ReadFirmwareVersion:size[64]:data:'VER 2.3A1.1'
INFO:session:finished executing:ReadHistoryData:size[1024]:[page][0]:data[1024]:
INFO:session:finished executing:ReadHistoryData:size[1024]:[page][10]:data[1024]:
INFO:session:finished executing:ReadHistoryData:size[1024]:[page][11]:data[1024]:
INFO:session:finished executing:ReadHistoryData:size[1024]:[page][12]:data[1024]:
INFO:session:finished executing:ReadHistoryData:size[1024]:[page][13]:data[1024]:
INFO:session:finished executing:ReadHistoryData:size[1024]:[page][14]:data[1024]:
INFO:session:finished executing:ReadHistoryData:size[1024]:[page][15]:data[1024]:
INFO:session:finished executing:ReadHistoryData:size[1024]:[page][16]:data[1024]:
INFO:session:finished executing:ReadHistoryData:size[1024]:[page][17]:data[1024]:
INFO:session:finished executing:ReadHistoryData:size[1024]:[page][17]:data[128]:
INFO:session:finished executing:ReadHistoryData:size[1024]:[page][18]:data[1024]:
INFO:session:finished executing:ReadHistoryData:size[1024]:[page][19]:data[1024]:
INFO:session:finished executing:ReadHistoryData:size[1024]:[page][1]:data[1024]:
INFO:session:finished executing:ReadHistoryData:size[1024]:[page][1]:data[832]:
INFO:session:finished executing:ReadHistoryData:size[1024]:[page][20]:data[1024]:
INFO:session:finished executing:ReadHistoryData:size[1024]:[page][21]:data[1024]:
INFO:session:finished executing:ReadHistoryData:size[1024]:[page][22]:data[1024]:
INFO:session:finished executing:ReadHistoryData:size[1024]:[page][22]:data[832]:
INFO:session:finished executing:ReadHistoryData:size[1024]:[page][23]:data[1024]:
INFO:session:finished executing:ReadHistoryData:size[1024]:[page][24]:data[1024]:
INFO:session:finished executing:ReadHistoryData:size[1024]:[page][25]:data[1024]:
INFO:session:finished executing:ReadHistoryData:size[1024]:[page][26]:data[1024]:
INFO:session:finished executing:ReadHistoryData:size[1024]:[page][27]:data[1024]:
INFO:session:finished executing:ReadHistoryData:size[1024]:[page][28]:data[1024]:
INFO:session:finished executing:ReadHistoryData:size[1024]:[page][29]:data[1024]:
INFO:session:finished executing:ReadHistoryData:size[1024]:[page][2]:data[1024]:
INFO:session:finished executing:ReadHistoryData:size[1024]:[page][30]:data[1024]:
INFO:session:finished executing:ReadHistoryData:size[1024]:[page][31]:data[1024]:
INFO:session:finished executing:ReadHistoryData:size[1024]:[page][32]:data[1024]:
INFO:session:finished executing:ReadHistoryData:size[1024]:[page][32]:data[832]:
INFO:session:finished executing:ReadHistoryData:size[1024]:[page][33]:data[1024]:
INFO:session:finished executing:ReadHistoryData:size[1024]:[page][33]:data[832]:
INFO:session:finished executing:ReadHistoryData:size[1024]:[page][34]:data[1024]:
INFO:session:finished executing:ReadHistoryData:size[1024]:[page][35]:data[1024]:
INFO:session:finished executing:ReadHistoryData:size[1024]:[page][36]:data[1]:
INFO:session:finished executing:ReadHistoryData:size[1024]:[page][36]:data[2]:
INFO:session:finished executing:ReadHistoryData:size[1024]:[page][3]:data[1216]:
INFO:session:finished executing:ReadHistoryData:size[1024]:[page][3]:data[832]:
INFO:session:finished executing:ReadHistoryData:size[1024]:[page][4]:data[1024]:
INFO:session:finished executing:ReadHistoryData:size[1024]:[page][5]:data[1280]:
INFO:session:finished executing:ReadHistoryData:size[1024]:[page][5]:data[832]:
INFO:session:finished executing:ReadHistoryData:size[1024]:[page][6]:data[1024]:
INFO:session:finished executing:ReadHistoryData:size[1024]:[page][7]:data[1024]:
INFO:session:finished executing:ReadHistoryData:size[1024]:[page][8]:data[1024]:
INFO:session:finished executing:ReadHistoryData:size[1024]:[page][9]:data[1024]:
INFO:session:finished executing:ReadPumpID:size[64]:data:'782591'
INFO:session:finished executing:ReadPumpModel:size[64]:data:'715'
INFO:session:finished executing:ReadRadioCtrlACL:size[64]:data:['------', '------', '------']
INFO:session:finished executing:ReadRemainingInsulin:size[64]:data:166.3
INFO:session:finished executing:ReadRTC:size[64]:data:'2017-02-10T17:09:12'
INFO:session:finished executing:ReadSettings:size[64]:data:{'low_reservoir_warn_point': 20, 'keypad_lock_status': 0, 'maxBasal': 3.0, 'temp_basal': {'percent': 100, 'type': 'Units/hour'}, 'low_reservoir_warn_type': 0, 'insulinConcentration': 100, 'audio_bolus_enable': True, 'variable_bolus_enable': True, 'alarm': {'volume': -1, 'mode': 1}, 'rf_enable': False, 'auto_off_duration_hrs': 0, 'block_enable': False, 'timeformat': 1, 'insulin_action_curve': 4, 'audio_bolus_size': 1.0, 'selected_pattern': 0, 'patterns_enabled': False, 'maxBolus': 10.0, 'paradigm_enabled': 1}
INFO:session:finished executing:ReadTotalsToday:size[64]:data:{'yesterday': 37.2, 'today': 21.2}
```

## howdy! pump runs appear to be OK


## CRC errors found, caught, recovered: 13

```
6519:INFO:stick:XXX:IGNORE:BadCRC:returning empty message, sleep .100, avoid errors.
8348:INFO:stick:XXX:IGNORE:BadCRC:returning empty message, sleep .100, avoid errors.
8814:INFO:stick:XXX:IGNORE:BadCRC:returning empty message, sleep .100, avoid errors.
9092:INFO:stick:XXX:IGNORE:BadCRC:returning empty message, sleep .100, avoid errors.
10291:INFO:stick:XXX:IGNORE:BadCRC:returning empty message, sleep .100, avoid errors.
10695:INFO:stick:XXX:IGNORE:BadCRC:returning empty message, sleep .100, avoid errors.
10942:INFO:stick:XXX:IGNORE:BadCRC:returning empty message, sleep .100, avoid errors.
18076:INFO:stick:XXX:IGNORE:BadCRC:returning empty message, sleep .100, avoid errors.
18322:INFO:stick:XXX:IGNORE:BadCRC:returning empty message, sleep .100, avoid errors.
18536:INFO:stick:XXX:IGNORE:BadCRC:returning empty message, sleep .100, avoid errors.
22301:INFO:stick:XXX:IGNORE:BadCRC:returning empty message, sleep .100, avoid errors.
28567:INFO:stick:XXX:IGNORE:BadCRC:returning empty message, sleep .100, avoid errors.
29587:INFO:stick:XXX:IGNORE:BadCRC:returning empty message, sleep .100, avoid errors.
```

* no nak found
* SUCCESS, GOOD CLEAN RUN
